This file contains any messages produced by compilers while
running configure, to aid debugging if configure makes a mistake.

It was created by HVaaS configure 1.0, which was
generated by GNU Autoconf 2.63.  Invocation command line was

  $ ./configure --prefix=/fsapp/FMS

## --------- ##
## Platform. ##
## --------- ##

hostname = terax-vm
uname -m = x86_64
uname -r = 2.6.32-573.18.1.el6.x86_64
uname -s = Linux
uname -v = #1 SMP Tue Feb 9 22:46:17 UTC 2016

/usr/bin/uname -p = unknown
/bin/uname -X     = unknown

/bin/arch              = x86_64
/usr/bin/arch -k       = unknown
/usr/convex/getsysinfo = unknown
/usr/bin/hostinfo      = unknown
/bin/machine           = unknown
/usr/bin/oslevel       = unknown
/bin/universe          = unknown

PATH: /usr/local/sbin
PATH: /usr/local/bin
PATH: /sbin
PATH: /bin
PATH: /usr/sbin
PATH: /usr/bin
PATH: /root/bin


## ----------- ##
## Core tests. ##
## ----------- ##

configure:2085: checking for a BSD-compatible install
configure:2153: result: /usr/bin/install -c
configure:2164: checking whether build environment is sane
configure:2224: result: yes
configure:2365: checking for a thread-safe mkdir -p
configure:2404: result: /bin/mkdir -p
configure:2417: checking for gawk
configure:2433: found /bin/gawk
configure:2444: result: gawk
configure:2455: checking whether make sets $(MAKE)
configure:2477: result: yes
configure:2595: checking build system type
configure:2613: result: x86_64-redhat-linux-gnu
configure:2635: checking host system type
configure:2650: result: x86_64-redhat-linux-gnu
configure:2684: checking for style of include used by make
configure:2712: result: GNU
configure:2782: checking for gcc
configure:2798: found /usr/bin/gcc
configure:2809: result: gcc
configure:3041: checking for C compiler version
configure:3049: gcc --version >&5
gcc (GCC) 4.4.7 20120313 (Red Hat 4.4.7-18)
Copyright (C) 2010 Free Software Foundation, Inc.
This is free software; see the source for copying conditions.  There is NO
warranty; not even for MERCHANTABILITY or FITNESS FOR A PARTICULAR PURPOSE.

configure:3053: $? = 0
configure:3060: gcc -v >&5
Using built-in specs.
Target: x86_64-redhat-linux
Configured with: ../configure --prefix=/usr --mandir=/usr/share/man --infodir=/usr/share/info --with-bugurl=http://bugzilla.redhat.com/bugzilla --enable-bootstrap --enable-shared --enable-threads=posix --enable-checking=release --with-system-zlib --enable-__cxa_atexit --disable-libunwind-exceptions --enable-gnu-unique-object --enable-languages=c,c++,objc,obj-c++,java,fortran,ada --enable-java-awt=gtk --disable-dssi --with-java-home=/usr/lib/jvm/java-1.5.0-gcj-1.5.0.0/jre --enable-libgcj-multifile --enable-java-maintainer-mode --with-ecj-jar=/usr/share/java/eclipse-ecj.jar --disable-libjava-multilib --with-ppl --with-cloog --with-tune=generic --with-arch_32=i686 --build=x86_64-redhat-linux
Thread model: posix
gcc version 4.4.7 20120313 (Red Hat 4.4.7-18) (GCC) 
configure:3064: $? = 0
configure:3071: gcc -V >&5
gcc: '-V' option must have argument
configure:3075: $? = 1
configure:3098: checking for C compiler default output file name
configure:3120: gcc    conftest.c  >&5
configure:3124: $? = 0
configure:3162: result: a.out
configure:3181: checking whether the C compiler works
configure:3191: ./a.out
configure:3195: $? = 0
configure:3214: result: yes
configure:3221: checking whether we are cross compiling
configure:3223: result: no
configure:3226: checking for suffix of executables
configure:3233: gcc -o conftest    conftest.c  >&5
configure:3237: $? = 0
configure:3263: result: 
configure:3269: checking for suffix of object files
configure:3295: gcc -c   conftest.c >&5
configure:3299: $? = 0
configure:3324: result: o
configure:3328: checking whether we are using the GNU C compiler
configure:3357: gcc -c   conftest.c >&5
configure:3364: $? = 0
configure:3381: result: yes
configure:3390: checking whether gcc accepts -g
configure:3420: gcc -c -g  conftest.c >&5
configure:3427: $? = 0
configure:3528: result: yes
configure:3545: checking for gcc option to accept ISO C89
configure:3619: gcc  -c -g -O2  conftest.c >&5
configure:3626: $? = 0
configure:3649: result: none needed
configure:3669: checking dependency style of gcc
configure:3779: result: gcc3
configure:3794: checking for a sed that does not truncate output
configure:3860: result: /bin/sed
configure:3878: checking for grep that handles long lines and -e
configure:3938: result: /bin/grep
configure:3943: checking for egrep
configure:4007: result: /bin/grep -E
configure:4012: checking for fgrep
configure:4076: result: /bin/grep -F
configure:4111: checking for ld used by gcc
configure:4178: result: /usr/bin/ld
configure:4187: checking if the linker (/usr/bin/ld) is GNU ld
configure:4202: result: yes
configure:4214: checking for BSD- or MS-compatible name lister (nm)
configure:4263: result: /usr/bin/nm -B
configure:4381: checking the name lister (/usr/bin/nm -B) interface
configure:4388: gcc -c -g -O2  conftest.c >&5
configure:4391: /usr/bin/nm -B "conftest.o"
configure:4394: output
0000000000000000 B some_variable
configure:4401: result: BSD nm
configure:4404: checking whether ln -s works
configure:4408: result: yes
configure:4416: checking the maximum length of command line arguments
configure:4536: result: 1966080
configure:4553: checking whether the shell understands some XSI constructs
configure:4563: result: yes
configure:4567: checking whether the shell understands "+="
configure:4573: result: yes
configure:4608: checking for /usr/bin/ld option to reload object files
configure:4615: result: -r
configure:4684: checking for objdump
configure:4700: found /usr/bin/objdump
configure:4711: result: objdump
configure:4743: checking how to recognize dependent libraries
configure:4939: result: pass_all
configure:4999: checking for ar
configure:5015: found /usr/bin/ar
configure:5026: result: ar
configure:5104: checking for strip
configure:5120: found /usr/bin/strip
configure:5131: result: strip
configure:5203: checking for ranlib
configure:5219: found /usr/bin/ranlib
configure:5230: result: ranlib
configure:5320: checking command to parse /usr/bin/nm -B output from gcc object
configure:5438: gcc -c -g -O2  conftest.c >&5
configure:5441: $? = 0
configure:5445: /usr/bin/nm -B conftest.o \| sed -n -e 's/^.*[	 ]\([ABCDGIRSTW][ABCDGIRSTW]*\)[	 ][	 ]*\([_A-Za-z][_A-Za-z0-9]*\)$/\1 \2 \2/p' \> conftest.nm
configure:5448: $? = 0
configure:5502: gcc -o conftest -g -O2   conftest.c conftstm.o >&5
configure:5505: $? = 0
configure:5543: result: ok
configure:5639: gcc -c -g -O2  conftest.c >&5
configure:5642: $? = 0
configure:6410: checking how to run the C preprocessor
configure:6450: gcc -E  conftest.c
configure:6457: $? = 0
configure:6488: gcc -E  conftest.c
conftest.c:10:28: error: ac_nonexistent.h: No such file or directory
configure:6495: $? = 1
configure: failed program was:
| /* confdefs.h.  */
| #define PACKAGE_NAME "HVaaS"
| #define PACKAGE_TARNAME "hvaas"
| #define PACKAGE_VERSION "1.0"
| #define PACKAGE_STRING "HVaaS 1.0"
| #define PACKAGE_BUGREPORT "kde@gabia.com"
| #define PACKAGE "hvaas"
| #define VERSION "1.0"
| /* end confdefs.h.  */
| #include <ac_nonexistent.h>
configure:6528: result: gcc -E
configure:6557: gcc -E  conftest.c
configure:6564: $? = 0
configure:6595: gcc -E  conftest.c
conftest.c:10:28: error: ac_nonexistent.h: No such file or directory
configure:6602: $? = 1
configure: failed program was:
| /* confdefs.h.  */
| #define PACKAGE_NAME "HVaaS"
| #define PACKAGE_TARNAME "hvaas"
| #define PACKAGE_VERSION "1.0"
| #define PACKAGE_STRING "HVaaS 1.0"
| #define PACKAGE_BUGREPORT "kde@gabia.com"
| #define PACKAGE "hvaas"
| #define VERSION "1.0"
| /* end confdefs.h.  */
| #include <ac_nonexistent.h>
configure:6642: checking for ANSI C header files
configure:6672: gcc -c -g -O2  conftest.c >&5
configure:6679: $? = 0
configure:6778: gcc -o conftest -g -O2   conftest.c  >&5
configure:6782: $? = 0
configure:6788: ./conftest
configure:6792: $? = 0
configure:6810: result: yes
configure:6834: checking for sys/types.h
configure:6855: gcc -c -g -O2  conftest.c >&5
configure:6862: $? = 0
configure:6879: result: yes
configure:6834: checking for sys/stat.h
configure:6855: gcc -c -g -O2  conftest.c >&5
configure:6862: $? = 0
configure:6879: result: yes
configure:6834: checking for stdlib.h
configure:6855: gcc -c -g -O2  conftest.c >&5
configure:6862: $? = 0
configure:6879: result: yes
configure:6834: checking for string.h
configure:6855: gcc -c -g -O2  conftest.c >&5
configure:6862: $? = 0
configure:6879: result: yes
configure:6834: checking for memory.h
configure:6855: gcc -c -g -O2  conftest.c >&5
configure:6862: $? = 0
configure:6879: result: yes
configure:6834: checking for strings.h
configure:6855: gcc -c -g -O2  conftest.c >&5
configure:6862: $? = 0
configure:6879: result: yes
configure:6834: checking for inttypes.h
configure:6855: gcc -c -g -O2  conftest.c >&5
configure:6862: $? = 0
configure:6879: result: yes
configure:6834: checking for stdint.h
configure:6855: gcc -c -g -O2  conftest.c >&5
configure:6862: $? = 0
configure:6879: result: yes
configure:6834: checking for unistd.h
configure:6855: gcc -c -g -O2  conftest.c >&5
configure:6862: $? = 0
configure:6879: result: yes
configure:6897: checking for dlfcn.h
configure:6918: gcc -c -g -O2  conftest.c >&5
configure:6925: $? = 0
configure:6942: result: yes
configure:7128: checking for objdir
configure:7143: result: .libs
configure:7435: checking if gcc supports -fno-rtti -fno-exceptions
configure:7453: gcc -c -g -O2  -fno-rtti -fno-exceptions conftest.c >&5
cc1: warning: command line option "-fno-rtti" is valid for C++/ObjC++ but not for C
configure:7457: $? = 0
configure:7470: result: no
configure:7490: checking for gcc option to produce PIC
configure:7762: result: -fPIC -DPIC
configure:7774: checking if gcc PIC flag -fPIC -DPIC works
configure:7792: gcc -c -g -O2  -fPIC -DPIC -DPIC conftest.c >&5
configure:7796: $? = 0
configure:7809: result: yes
configure:7833: checking if gcc static flag -static works
configure:7861: result: no
configure:7876: checking if gcc supports -c -o file.o
configure:7897: gcc -c -g -O2  -o out/conftest2.o conftest.c >&5
configure:7901: $? = 0
configure:7923: result: yes
configure:7931: checking if gcc supports -c -o file.o
configure:7978: result: yes
configure:8011: checking whether the gcc linker (/usr/bin/ld -m elf_x86_64) supports shared libraries
configure:9085: result: yes
configure:9122: checking whether -lc should be explicitly linked in
configure:9127: gcc -c -g -O2  conftest.c >&5
configure:9130: $? = 0
configure:9145: gcc -shared conftest.o  -v -Wl,-soname -Wl,conftest -o conftest 2\>\&1 \| /bin/grep  -lc  \>/dev/null 2\>\&1
configure:9148: $? = 0
configure:9160: result: no
configure:9324: checking dynamic linker characteristics
configure:9767: gcc -o conftest -g -O2   -Wl,-rpath -Wl,/foo conftest.c  >&5
configure:9774: $? = 0
configure:10010: result: GNU/Linux ld.so
configure:10112: checking how to hardcode library paths into programs
configure:10137: result: immediate
configure:10970: checking whether stripping libraries is possible
configure:10975: result: yes
configure:11010: checking if libtool supports shared libraries
configure:11012: result: yes
configure:11015: checking whether to build shared libraries
configure:11036: result: yes
configure:11039: checking whether to build static libraries
configure:11043: result: yes
configure:11136: checking for g++
configure:11152: found /usr/bin/g++
configure:11163: result: g++
configure:11190: checking for C++ compiler version
configure:11198: g++ --version >&5
g++ (GCC) 4.4.7 20120313 (Red Hat 4.4.7-18)
Copyright (C) 2010 Free Software Foundation, Inc.
This is free software; see the source for copying conditions.  There is NO
warranty; not even for MERCHANTABILITY or FITNESS FOR A PARTICULAR PURPOSE.

configure:11202: $? = 0
configure:11209: g++ -v >&5
Using built-in specs.
Target: x86_64-redhat-linux
Configured with: ../configure --prefix=/usr --mandir=/usr/share/man --infodir=/usr/share/info --with-bugurl=http://bugzilla.redhat.com/bugzilla --enable-bootstrap --enable-shared --enable-threads=posix --enable-checking=release --with-system-zlib --enable-__cxa_atexit --disable-libunwind-exceptions --enable-gnu-unique-object --enable-languages=c,c++,objc,obj-c++,java,fortran,ada --enable-java-awt=gtk --disable-dssi --with-java-home=/usr/lib/jvm/java-1.5.0-gcj-1.5.0.0/jre --enable-libgcj-multifile --enable-java-maintainer-mode --with-ecj-jar=/usr/share/java/eclipse-ecj.jar --disable-libjava-multilib --with-ppl --with-cloog --with-tune=generic --with-arch_32=i686 --build=x86_64-redhat-linux
Thread model: posix
gcc version 4.4.7 20120313 (Red Hat 4.4.7-18) (GCC) 
configure:11213: $? = 0
configure:11220: g++ -V >&5
g++: '-V' option must have argument
configure:11224: $? = 1
configure:11227: checking whether we are using the GNU C++ compiler
configure:11256: g++ -c   conftest.cpp >&5
configure:11263: $? = 0
configure:11280: result: yes
configure:11289: checking whether g++ accepts -g
configure:11319: g++ -c -g  conftest.cpp >&5
configure:11326: $? = 0
configure:11427: result: yes
configure:11452: checking dependency style of g++
configure:11562: result: gcc3
configure:11690: checking for C++ compiler version
configure:11698: g++ --version >&5
g++ (GCC) 4.4.7 20120313 (Red Hat 4.4.7-18)
Copyright (C) 2010 Free Software Foundation, Inc.
This is free software; see the source for copying conditions.  There is NO
warranty; not even for MERCHANTABILITY or FITNESS FOR A PARTICULAR PURPOSE.

configure:11702: $? = 0
configure:11709: g++ -v >&5
Using built-in specs.
Target: x86_64-redhat-linux
Configured with: ../configure --prefix=/usr --mandir=/usr/share/man --infodir=/usr/share/info --with-bugurl=http://bugzilla.redhat.com/bugzilla --enable-bootstrap --enable-shared --enable-threads=posix --enable-checking=release --with-system-zlib --enable-__cxa_atexit --disable-libunwind-exceptions --enable-gnu-unique-object --enable-languages=c,c++,objc,obj-c++,java,fortran,ada --enable-java-awt=gtk --disable-dssi --with-java-home=/usr/lib/jvm/java-1.5.0-gcj-1.5.0.0/jre --enable-libgcj-multifile --enable-java-maintainer-mode --with-ecj-jar=/usr/share/java/eclipse-ecj.jar --disable-libjava-multilib --with-ppl --with-cloog --with-tune=generic --with-arch_32=i686 --build=x86_64-redhat-linux
Thread model: posix
gcc version 4.4.7 20120313 (Red Hat 4.4.7-18) (GCC) 
configure:11713: $? = 0
configure:11720: g++ -V >&5
g++: '-V' option must have argument
configure:11724: $? = 1
configure:11727: checking whether we are using the GNU C++ compiler
configure:11780: result: yes
configure:11789: checking whether g++ accepts -g
configure:11927: result: yes
configure:11952: checking dependency style of g++
configure:12062: result: gcc3
configure:12085: checking how to run the C++ preprocessor
configure:12121: g++ -E  conftest.cpp
configure:12128: $? = 0
configure:12159: g++ -E  conftest.cpp
conftest.cpp:22:28: error: ac_nonexistent.h: No such file or directory
configure:12166: $? = 1
configure: failed program was:
| /* confdefs.h.  */
| #define PACKAGE_NAME "HVaaS"
| #define PACKAGE_TARNAME "hvaas"
| #define PACKAGE_VERSION "1.0"
| #define PACKAGE_STRING "HVaaS 1.0"
| #define PACKAGE_BUGREPORT "kde@gabia.com"
| #define PACKAGE "hvaas"
| #define VERSION "1.0"
| #define STDC_HEADERS 1
| #define HAVE_SYS_TYPES_H 1
| #define HAVE_SYS_STAT_H 1
| #define HAVE_STDLIB_H 1
| #define HAVE_STRING_H 1
| #define HAVE_MEMORY_H 1
| #define HAVE_STRINGS_H 1
| #define HAVE_INTTYPES_H 1
| #define HAVE_STDINT_H 1
| #define HAVE_UNISTD_H 1
| #define HAVE_DLFCN_H 1
| #define LT_OBJDIR ".libs/"
| /* end confdefs.h.  */
| #include <ac_nonexistent.h>
configure:12199: result: g++ -E
configure:12228: g++ -E  conftest.cpp
configure:12235: $? = 0
configure:12266: g++ -E  conftest.cpp
conftest.cpp:22:28: error: ac_nonexistent.h: No such file or directory
configure:12273: $? = 1
configure: failed program was:
| /* confdefs.h.  */
| #define PACKAGE_NAME "HVaaS"
| #define PACKAGE_TARNAME "hvaas"
| #define PACKAGE_VERSION "1.0"
| #define PACKAGE_STRING "HVaaS 1.0"
| #define PACKAGE_BUGREPORT "kde@gabia.com"
| #define PACKAGE "hvaas"
| #define VERSION "1.0"
| #define STDC_HEADERS 1
| #define HAVE_SYS_TYPES_H 1
| #define HAVE_SYS_STAT_H 1
| #define HAVE_STDLIB_H 1
| #define HAVE_STRING_H 1
| #define HAVE_MEMORY_H 1
| #define HAVE_STRINGS_H 1
| #define HAVE_INTTYPES_H 1
| #define HAVE_STDINT_H 1
| #define HAVE_UNISTD_H 1
| #define HAVE_DLFCN_H 1
| #define LT_OBJDIR ".libs/"
| /* end confdefs.h.  */
| #include <ac_nonexistent.h>
configure:12449: checking for ld used by g++
configure:12516: result: /usr/bin/ld -m elf_x86_64
configure:12525: checking if the linker (/usr/bin/ld -m elf_x86_64) is GNU ld
configure:12540: result: yes
configure:12595: checking whether the g++ linker (/usr/bin/ld -m elf_x86_64) supports shared libraries
configure:13570: result: yes
configure:13598: g++ -c -g -O2  conftest.cpp >&5
configure:13601: $? = 0
configure:13783: checking for g++ option to produce PIC
configure:14100: result: -fPIC -DPIC
configure:14109: checking if g++ PIC flag -fPIC -DPIC works
configure:14127: g++ -c -g -O2  -fPIC -DPIC -DPIC conftest.cpp >&5
configure:14131: $? = 0
configure:14144: result: yes
configure:14165: checking if g++ static flag -static works
configure:14193: result: no
configure:14205: checking if g++ supports -c -o file.o
configure:14226: g++ -c -g -O2  -o out/conftest2.o conftest.cpp >&5
configure:14230: $? = 0
configure:14252: result: yes
configure:14257: checking if g++ supports -c -o file.o
configure:14304: result: yes
configure:14334: checking whether the g++ linker (/usr/bin/ld -m elf_x86_64) supports shared libraries
configure:14360: result: yes
configure:14497: checking dynamic linker characteristics
configure:14888: g++ -o conftest -g -O2   -Wl,-rpath -Wl,/foo conftest.cpp  >&5
configure:14895: $? = 0
configure:15131: result: GNU/Linux ld.so
configure:15182: checking how to hardcode library paths into programs
configure:15207: result: immediate
configure:15294: checking for gcc
configure:15321: result: gcc
configure:15553: checking for C compiler version
configure:15561: gcc --version >&5
gcc (GCC) 4.4.7 20120313 (Red Hat 4.4.7-18)
Copyright (C) 2010 Free Software Foundation, Inc.
This is free software; see the source for copying conditions.  There is NO
warranty; not even for MERCHANTABILITY or FITNESS FOR A PARTICULAR PURPOSE.

configure:15565: $? = 0
configure:15572: gcc -v >&5
Using built-in specs.
Target: x86_64-redhat-linux
Configured with: ../configure --prefix=/usr --mandir=/usr/share/man --infodir=/usr/share/info --with-bugurl=http://bugzilla.redhat.com/bugzilla --enable-bootstrap --enable-shared --enable-threads=posix --enable-checking=release --with-system-zlib --enable-__cxa_atexit --disable-libunwind-exceptions --enable-gnu-unique-object --enable-languages=c,c++,objc,obj-c++,java,fortran,ada --enable-java-awt=gtk --disable-dssi --with-java-home=/usr/lib/jvm/java-1.5.0-gcj-1.5.0.0/jre --enable-libgcj-multifile --enable-java-maintainer-mode --with-ecj-jar=/usr/share/java/eclipse-ecj.jar --disable-libjava-multilib --with-ppl --with-cloog --with-tune=generic --with-arch_32=i686 --build=x86_64-redhat-linux
Thread model: posix
gcc version 4.4.7 20120313 (Red Hat 4.4.7-18) (GCC) 
configure:15576: $? = 0
configure:15583: gcc -V >&5
gcc: '-V' option must have argument
configure:15587: $? = 1
configure:15590: checking whether we are using the GNU C compiler
configure:15643: result: yes
configure:15652: checking whether gcc accepts -g
configure:15790: result: yes
configure:15807: checking for gcc option to accept ISO C89
configure:15911: result: none needed
configure:15931: checking dependency style of gcc
configure:16041: result: gcc3
configure:16061: checking how to run the C preprocessor
configure:16179: result: gcc -E
configure:16208: gcc -E  conftest.c
configure:16215: $? = 0
configure:16246: gcc -E  conftest.c
conftest.c:22:28: error: ac_nonexistent.h: No such file or directory
configure:16253: $? = 1
configure: failed program was:
| /* confdefs.h.  */
| #define PACKAGE_NAME "HVaaS"
| #define PACKAGE_TARNAME "hvaas"
| #define PACKAGE_VERSION "1.0"
| #define PACKAGE_STRING "HVaaS 1.0"
| #define PACKAGE_BUGREPORT "kde@gabia.com"
| #define PACKAGE "hvaas"
| #define VERSION "1.0"
| #define STDC_HEADERS 1
| #define HAVE_SYS_TYPES_H 1
| #define HAVE_SYS_STAT_H 1
| #define HAVE_STDLIB_H 1
| #define HAVE_STRING_H 1
| #define HAVE_MEMORY_H 1
| #define HAVE_STRINGS_H 1
| #define HAVE_INTTYPES_H 1
| #define HAVE_STDINT_H 1
| #define HAVE_UNISTD_H 1
| #define HAVE_DLFCN_H 1
| #define LT_OBJDIR ".libs/"
| /* end confdefs.h.  */
| #include <ac_nonexistent.h>
configure:16306: checking for a BSD-compatible install
configure:16374: result: /usr/bin/install -c
configure:16385: checking whether ln -s works
configure:16389: result: yes
configure:16396: checking whether make sets $(MAKE)
configure:16418: result: yes
configure:16470: checking for ranlib
configure:16497: result: ranlib
configure:16524: checking for sdl-config
configure:16540: found /usr/bin/sdl-config
configure:16551: result: sdl-config
configure:16579: checking for SDL_CreateThread in -lSDL
configure:16614: gcc -o conftest -g -O2   conftest.c -lSDL   >&5
configure:16621: $? = 0
configure:16642: result: yes
configure:16658: checking for pthread_create in -lpthread
configure:16693: gcc -o conftest -g -O2   conftest.c -lpthread  -lSDL  >&5
configure:16700: $? = 0
configure:16721: result: yes
configure:16737: checking for tc_malloc in -ltcmalloc
configure:16772: gcc -o conftest -g -O2   conftest.c -ltcmalloc  -lpthread -lSDL  >&5
configure:16779: $? = 0
configure:16800: result: yes
configure:16835: checking for stdint.h
configure:16842: result: yes
configure:16835: checking for stdlib.h
configure:16842: result: yes
configure:16835: checking for string.h
configure:16842: result: yes
configure:16846: checking sys/time.h usability
configure:16863: gcc -c -g -O2  conftest.c >&5
configure:16870: $? = 0
configure:16884: result: yes
configure:16888: checking sys/time.h presence
configure:16903: gcc -E  conftest.c
configure:16910: $? = 0
configure:16924: result: yes
configure:16957: checking for sys/time.h
configure:16966: result: yes
configure:16835: checking for unistd.h
configure:16842: result: yes
configure:16998: checking xmlrpc-c/base.h usability
configure:17015: gcc -c -g -O2  conftest.c >&5
conftest.c:63:27: error: xmlrpc-c/base.h: No such file or directory
configure:17022: $? = 1
configure: failed program was:
| /* confdefs.h.  */
| #define PACKAGE_NAME "HVaaS"
| #define PACKAGE_TARNAME "hvaas"
| #define PACKAGE_VERSION "1.0"
| #define PACKAGE_STRING "HVaaS 1.0"
| #define PACKAGE_BUGREPORT "kde@gabia.com"
| #define PACKAGE "hvaas"
| #define VERSION "1.0"
| #define STDC_HEADERS 1
| #define HAVE_SYS_TYPES_H 1
| #define HAVE_SYS_STAT_H 1
| #define HAVE_STDLIB_H 1
| #define HAVE_STRING_H 1
| #define HAVE_MEMORY_H 1
| #define HAVE_STRINGS_H 1
| #define HAVE_INTTYPES_H 1
| #define HAVE_STDINT_H 1
| #define HAVE_UNISTD_H 1
| #define HAVE_DLFCN_H 1
| #define LT_OBJDIR ".libs/"
| #define HAVE_LIBSDL 1
| #define HAVE_LIBPTHREAD 1
| #define HAVE_LIBTCMALLOC 1
| #define HAVE_STDINT_H 1
| #define HAVE_STDLIB_H 1
| #define HAVE_STRING_H 1
| #define HAVE_SYS_TIME_H 1
| #define HAVE_UNISTD_H 1
| /* end confdefs.h.  */
| #include <stdio.h>
| #ifdef HAVE_SYS_TYPES_H
| # include <sys/types.h>
| #endif
| #ifdef HAVE_SYS_STAT_H
| # include <sys/stat.h>
| #endif
| #ifdef STDC_HEADERS
| # include <stdlib.h>
| # include <stddef.h>
| #else
| # ifdef HAVE_STDLIB_H
| #  include <stdlib.h>
| # endif
| #endif
| #ifdef HAVE_STRING_H
| # if !defined STDC_HEADERS && defined HAVE_MEMORY_H
| #  include <memory.h>
| # endif
| # include <string.h>
| #endif
| #ifdef HAVE_STRINGS_H
| # include <strings.h>
| #endif
| #ifdef HAVE_INTTYPES_H
| # include <inttypes.h>
| #endif
| #ifdef HAVE_STDINT_H
| # include <stdint.h>
| #endif
| #ifdef HAVE_UNISTD_H
| # include <unistd.h>
| #endif
| #include <xmlrpc-c/base.h>
configure:17036: result: no
configure:17040: checking xmlrpc-c/base.h presence
configure:17055: gcc -E  conftest.c
conftest.c:30:27: error: xmlrpc-c/base.h: No such file or directory
configure:17062: $? = 1
configure: failed program was:
| /* confdefs.h.  */
| #define PACKAGE_NAME "HVaaS"
| #define PACKAGE_TARNAME "hvaas"
| #define PACKAGE_VERSION "1.0"
| #define PACKAGE_STRING "HVaaS 1.0"
| #define PACKAGE_BUGREPORT "kde@gabia.com"
| #define PACKAGE "hvaas"
| #define VERSION "1.0"
| #define STDC_HEADERS 1
| #define HAVE_SYS_TYPES_H 1
| #define HAVE_SYS_STAT_H 1
| #define HAVE_STDLIB_H 1
| #define HAVE_STRING_H 1
| #define HAVE_MEMORY_H 1
| #define HAVE_STRINGS_H 1
| #define HAVE_INTTYPES_H 1
| #define HAVE_STDINT_H 1
| #define HAVE_UNISTD_H 1
| #define HAVE_DLFCN_H 1
| #define LT_OBJDIR ".libs/"
| #define HAVE_LIBSDL 1
| #define HAVE_LIBPTHREAD 1
| #define HAVE_LIBTCMALLOC 1
| #define HAVE_STDINT_H 1
| #define HAVE_STDLIB_H 1
| #define HAVE_STRING_H 1
| #define HAVE_SYS_TIME_H 1
| #define HAVE_UNISTD_H 1
| /* end confdefs.h.  */
| #include <xmlrpc-c/base.h>
configure:17076: result: no
configure:17109: checking for xmlrpc-c/base.h
configure:17118: result: no
configure:16998: checking XmlRpcCpp.h usability
configure:17015: gcc -c -g -O2  conftest.c >&5
conftest.c:63:23: error: XmlRpcCpp.h: No such file or directory
configure:17022: $? = 1
configure: failed program was:
| /* confdefs.h.  */
| #define PACKAGE_NAME "HVaaS"
| #define PACKAGE_TARNAME "hvaas"
| #define PACKAGE_VERSION "1.0"
| #define PACKAGE_STRING "HVaaS 1.0"
| #define PACKAGE_BUGREPORT "kde@gabia.com"
| #define PACKAGE "hvaas"
| #define VERSION "1.0"
| #define STDC_HEADERS 1
| #define HAVE_SYS_TYPES_H 1
| #define HAVE_SYS_STAT_H 1
| #define HAVE_STDLIB_H 1
| #define HAVE_STRING_H 1
| #define HAVE_MEMORY_H 1
| #define HAVE_STRINGS_H 1
| #define HAVE_INTTYPES_H 1
| #define HAVE_STDINT_H 1
| #define HAVE_UNISTD_H 1
| #define HAVE_DLFCN_H 1
| #define LT_OBJDIR ".libs/"
| #define HAVE_LIBSDL 1
| #define HAVE_LIBPTHREAD 1
| #define HAVE_LIBTCMALLOC 1
| #define HAVE_STDINT_H 1
| #define HAVE_STDLIB_H 1
| #define HAVE_STRING_H 1
| #define HAVE_SYS_TIME_H 1
| #define HAVE_UNISTD_H 1
| /* end confdefs.h.  */
| #include <stdio.h>
| #ifdef HAVE_SYS_TYPES_H
| # include <sys/types.h>
| #endif
| #ifdef HAVE_SYS_STAT_H
| # include <sys/stat.h>
| #endif
| #ifdef STDC_HEADERS
| # include <stdlib.h>
| # include <stddef.h>
| #else
| # ifdef HAVE_STDLIB_H
| #  include <stdlib.h>
| # endif
| #endif
| #ifdef HAVE_STRING_H
| # if !defined STDC_HEADERS && defined HAVE_MEMORY_H
| #  include <memory.h>
| # endif
| # include <string.h>
| #endif
| #ifdef HAVE_STRINGS_H
| # include <strings.h>
| #endif
| #ifdef HAVE_INTTYPES_H
| # include <inttypes.h>
| #endif
| #ifdef HAVE_STDINT_H
| # include <stdint.h>
| #endif
| #ifdef HAVE_UNISTD_H
| # include <unistd.h>
| #endif
| #include <XmlRpcCpp.h>
configure:17036: result: no
configure:17040: checking XmlRpcCpp.h presence
configure:17055: gcc -E  conftest.c
conftest.c:30:23: error: XmlRpcCpp.h: No such file or directory
configure:17062: $? = 1
configure: failed program was:
| /* confdefs.h.  */
| #define PACKAGE_NAME "HVaaS"
| #define PACKAGE_TARNAME "hvaas"
| #define PACKAGE_VERSION "1.0"
| #define PACKAGE_STRING "HVaaS 1.0"
| #define PACKAGE_BUGREPORT "kde@gabia.com"
| #define PACKAGE "hvaas"
| #define VERSION "1.0"
| #define STDC_HEADERS 1
| #define HAVE_SYS_TYPES_H 1
| #define HAVE_SYS_STAT_H 1
| #define HAVE_STDLIB_H 1
| #define HAVE_STRING_H 1
| #define HAVE_MEMORY_H 1
| #define HAVE_STRINGS_H 1
| #define HAVE_INTTYPES_H 1
| #define HAVE_STDINT_H 1
| #define HAVE_UNISTD_H 1
| #define HAVE_DLFCN_H 1
| #define LT_OBJDIR ".libs/"
| #define HAVE_LIBSDL 1
| #define HAVE_LIBPTHREAD 1
| #define HAVE_LIBTCMALLOC 1
| #define HAVE_STDINT_H 1
| #define HAVE_STDLIB_H 1
| #define HAVE_STRING_H 1
| #define HAVE_SYS_TIME_H 1
| #define HAVE_UNISTD_H 1
| /* end confdefs.h.  */
| #include <XmlRpcCpp.h>
configure:17076: result: no
configure:17109: checking for XmlRpcCpp.h
configure:17118: result: no
configure:17138: checking for ANSI C header files
configure:17306: result: yes
configure:17316: checking for stdbool.h that conforms to C99
configure:17411: gcc -c -g -O2  conftest.c >&5
configure:17418: $? = 0
configure:17433: result: yes
configure:17435: checking for _Bool
configure:17463: gcc -c -g -O2  conftest.c >&5
configure:17470: $? = 0
configure:17497: gcc -c -g -O2  conftest.c >&5
conftest.c: In function 'main':
conftest.c:67: error: expected expression before ')' token
configure:17504: $? = 1
configure: failed program was:
| /* confdefs.h.  */
| #define PACKAGE_NAME "HVaaS"
| #define PACKAGE_TARNAME "hvaas"
| #define PACKAGE_VERSION "1.0"
| #define PACKAGE_STRING "HVaaS 1.0"
| #define PACKAGE_BUGREPORT "kde@gabia.com"
| #define PACKAGE "hvaas"
| #define VERSION "1.0"
| #define STDC_HEADERS 1
| #define HAVE_SYS_TYPES_H 1
| #define HAVE_SYS_STAT_H 1
| #define HAVE_STDLIB_H 1
| #define HAVE_STRING_H 1
| #define HAVE_MEMORY_H 1
| #define HAVE_STRINGS_H 1
| #define HAVE_INTTYPES_H 1
| #define HAVE_STDINT_H 1
| #define HAVE_UNISTD_H 1
| #define HAVE_DLFCN_H 1
| #define LT_OBJDIR ".libs/"
| #define HAVE_LIBSDL 1
| #define HAVE_LIBPTHREAD 1
| #define HAVE_LIBTCMALLOC 1
| #define HAVE_STDINT_H 1
| #define HAVE_STDLIB_H 1
| #define HAVE_STRING_H 1
| #define HAVE_SYS_TIME_H 1
| #define HAVE_UNISTD_H 1
| #define STDC_HEADERS 1
| /* end confdefs.h.  */
| #include <stdio.h>
| #ifdef HAVE_SYS_TYPES_H
| # include <sys/types.h>
| #endif
| #ifdef HAVE_SYS_STAT_H
| # include <sys/stat.h>
| #endif
| #ifdef STDC_HEADERS
| # include <stdlib.h>
| # include <stddef.h>
| #else
| # ifdef HAVE_STDLIB_H
| #  include <stdlib.h>
| # endif
| #endif
| #ifdef HAVE_STRING_H
| # if !defined STDC_HEADERS && defined HAVE_MEMORY_H
| #  include <memory.h>
| # endif
| # include <string.h>
| #endif
| #ifdef HAVE_STRINGS_H
| # include <strings.h>
| #endif
| #ifdef HAVE_INTTYPES_H
| # include <inttypes.h>
| #endif
| #ifdef HAVE_STDINT_H
| # include <stdint.h>
| #endif
| #ifdef HAVE_UNISTD_H
| # include <unistd.h>
| #endif
| int
| main ()
| {
| if (sizeof ((_Bool)))
| 	  return 0;
|   ;
|   return 0;
| }
configure:17527: result: yes
configure:17546: checking for an ANSI C-conforming const
configure:17621: gcc -c -g -O2  conftest.c >&5
configure:17628: $? = 0
configure:17643: result: yes
configure:17653: checking for inline
configure:17679: gcc -c -g -O2  conftest.c >&5
configure:17686: $? = 0
configure:17704: result: inline
configure:17723: checking whether time.h and sys/time.h may both be included
configure:17753: gcc -c -g -O2  conftest.c >&5
configure:17760: $? = 0
configure:17775: result: yes
configure:17785: checking for working volatile
configure:17814: gcc -c -g -O2  conftest.c >&5
configure:17821: $? = 0
configure:17836: result: yes
configure:17847: checking whether byte ordering is bigendian
configure:17872: gcc -c -g -O2  conftest.c >&5
conftest.c:35: error: expected '=', ',', ';', 'asm' or '__attribute__' before 'a'
configure:17879: $? = 1
configure: failed program was:
| /* confdefs.h.  */
| #define PACKAGE_NAME "HVaaS"
| #define PACKAGE_TARNAME "hvaas"
| #define PACKAGE_VERSION "1.0"
| #define PACKAGE_STRING "HVaaS 1.0"
| #define PACKAGE_BUGREPORT "kde@gabia.com"
| #define PACKAGE "hvaas"
| #define VERSION "1.0"
| #define STDC_HEADERS 1
| #define HAVE_SYS_TYPES_H 1
| #define HAVE_SYS_STAT_H 1
| #define HAVE_STDLIB_H 1
| #define HAVE_STRING_H 1
| #define HAVE_MEMORY_H 1
| #define HAVE_STRINGS_H 1
| #define HAVE_INTTYPES_H 1
| #define HAVE_STDINT_H 1
| #define HAVE_UNISTD_H 1
| #define HAVE_DLFCN_H 1
| #define LT_OBJDIR ".libs/"
| #define HAVE_LIBSDL 1
| #define HAVE_LIBPTHREAD 1
| #define HAVE_LIBTCMALLOC 1
| #define HAVE_STDINT_H 1
| #define HAVE_STDLIB_H 1
| #define HAVE_STRING_H 1
| #define HAVE_SYS_TIME_H 1
| #define HAVE_UNISTD_H 1
| #define STDC_HEADERS 1
| #define HAVE__BOOL 1
| #define HAVE_STDBOOL_H 1
| #define TIME_WITH_SYS_TIME 1
| /* end confdefs.h.  */
| #ifndef __APPLE_CC__
| 	       not a universal capable compiler
| 	     #endif
| 	     typedef int dummy;
| 
configure:17929: gcc -c -g -O2  conftest.c >&5
configure:17936: $? = 0
configure:17968: gcc -c -g -O2  conftest.c >&5
conftest.c: In function 'main':
conftest.c:41: error: 'not' undeclared (first use in this function)
conftest.c:41: error: (Each undeclared identifier is reported only once
conftest.c:41: error: for each function it appears in.)
conftest.c:41: error: expected ';' before 'big'
configure:17975: $? = 1
configure: failed program was:
| /* confdefs.h.  */
| #define PACKAGE_NAME "HVaaS"
| #define PACKAGE_TARNAME "hvaas"
| #define PACKAGE_VERSION "1.0"
| #define PACKAGE_STRING "HVaaS 1.0"
| #define PACKAGE_BUGREPORT "kde@gabia.com"
| #define PACKAGE "hvaas"
| #define VERSION "1.0"
| #define STDC_HEADERS 1
| #define HAVE_SYS_TYPES_H 1
| #define HAVE_SYS_STAT_H 1
| #define HAVE_STDLIB_H 1
| #define HAVE_STRING_H 1
| #define HAVE_MEMORY_H 1
| #define HAVE_STRINGS_H 1
| #define HAVE_INTTYPES_H 1
| #define HAVE_STDINT_H 1
| #define HAVE_UNISTD_H 1
| #define HAVE_DLFCN_H 1
| #define LT_OBJDIR ".libs/"
| #define HAVE_LIBSDL 1
| #define HAVE_LIBPTHREAD 1
| #define HAVE_LIBTCMALLOC 1
| #define HAVE_STDINT_H 1
| #define HAVE_STDLIB_H 1
| #define HAVE_STRING_H 1
| #define HAVE_SYS_TIME_H 1
| #define HAVE_UNISTD_H 1
| #define STDC_HEADERS 1
| #define HAVE__BOOL 1
| #define HAVE_STDBOOL_H 1
| #define TIME_WITH_SYS_TIME 1
| /* end confdefs.h.  */
| #include <sys/types.h>
| 		#include <sys/param.h>
| 
| int
| main ()
| {
| #if BYTE_ORDER != BIG_ENDIAN
| 		 not big endian
| 		#endif
| 
|   ;
|   return 0;
| }
configure:18227: result: no
configure:18265: checking size of long
configure:18570: gcc -o conftest -g -O2   conftest.c -ltcmalloc -lpthread -lSDL  >&5
configure:18574: $? = 0
configure:18580: ./conftest
./conftest: error while loading shared libraries: libtcmalloc.so.4: cannot open shared object file: No such file or directory
configure:18584: $? = 127
configure: program exited with status 127
configure: failed program was:
| /* confdefs.h.  */
| #define PACKAGE_NAME "HVaaS"
| #define PACKAGE_TARNAME "hvaas"
| #define PACKAGE_VERSION "1.0"
| #define PACKAGE_STRING "HVaaS 1.0"
| #define PACKAGE_BUGREPORT "kde@gabia.com"
| #define PACKAGE "hvaas"
| #define VERSION "1.0"
| #define STDC_HEADERS 1
| #define HAVE_SYS_TYPES_H 1
| #define HAVE_SYS_STAT_H 1
| #define HAVE_STDLIB_H 1
| #define HAVE_STRING_H 1
| #define HAVE_MEMORY_H 1
| #define HAVE_STRINGS_H 1
| #define HAVE_INTTYPES_H 1
| #define HAVE_STDINT_H 1
| #define HAVE_UNISTD_H 1
| #define HAVE_DLFCN_H 1
| #define LT_OBJDIR ".libs/"
| #define HAVE_LIBSDL 1
| #define HAVE_LIBPTHREAD 1
| #define HAVE_LIBTCMALLOC 1
| #define HAVE_STDINT_H 1
| #define HAVE_STDLIB_H 1
| #define HAVE_STRING_H 1
| #define HAVE_SYS_TIME_H 1
| #define HAVE_UNISTD_H 1
| #define STDC_HEADERS 1
| #define HAVE__BOOL 1
| #define HAVE_STDBOOL_H 1
| #define TIME_WITH_SYS_TIME 1
| /* end confdefs.h.  */
| #include <stdio.h>
| #ifdef HAVE_SYS_TYPES_H
| # include <sys/types.h>
| #endif
| #ifdef HAVE_SYS_STAT_H
| # include <sys/stat.h>
| #endif
| #ifdef STDC_HEADERS
| # include <stdlib.h>
| # include <stddef.h>
| #else
| # ifdef HAVE_STDLIB_H
| #  include <stdlib.h>
| # endif
| #endif
| #ifdef HAVE_STRING_H
| # if !defined STDC_HEADERS && defined HAVE_MEMORY_H
| #  include <memory.h>
| # endif
| # include <string.h>
| #endif
| #ifdef HAVE_STRINGS_H
| # include <strings.h>
| #endif
| #ifdef HAVE_INTTYPES_H
| # include <inttypes.h>
| #endif
| #ifdef HAVE_STDINT_H
| # include <stdint.h>
| #endif
| #ifdef HAVE_UNISTD_H
| # include <unistd.h>
| #endif
| static long int longval () { return (long int) (sizeof (long)); }
| static unsigned long int ulongval () { return (long int) (sizeof (long)); }
| #include <stdio.h>
| #include <stdlib.h>
| int
| main ()
| {
| 
|   FILE *f = fopen ("conftest.val", "w");
|   if (! f)
|     return 1;
|   if (((long int) (sizeof (long))) < 0)
|     {
|       long int i = longval ();
|       if (i != ((long int) (sizeof (long))))
| 	return 1;
|       fprintf (f, "%ld", i);
|     }
|   else
|     {
|       unsigned long int i = ulongval ();
|       if (i != ((long int) (sizeof (long))))
| 	return 1;
|       fprintf (f, "%lu", i);
|     }
|   /* Do not output a trailing newline, as this causes \r\n confusion
|      on some platforms.  */
|   return ferror (f) || fclose (f) != 0;
| 
|   ;
|   return 0;
| }
configure:18610: result: 0
configure:18622: checking for pid_t
configure:18650: gcc -c -g -O2  conftest.c >&5
configure:18657: $? = 0
configure:18684: gcc -c -g -O2  conftest.c >&5
conftest.c: In function 'main':
conftest.c:71: error: expected expression before ')' token
configure:18691: $? = 1
configure: failed program was:
| /* confdefs.h.  */
| #define PACKAGE_NAME "HVaaS"
| #define PACKAGE_TARNAME "hvaas"
| #define PACKAGE_VERSION "1.0"
| #define PACKAGE_STRING "HVaaS 1.0"
| #define PACKAGE_BUGREPORT "kde@gabia.com"
| #define PACKAGE "hvaas"
| #define VERSION "1.0"
| #define STDC_HEADERS 1
| #define HAVE_SYS_TYPES_H 1
| #define HAVE_SYS_STAT_H 1
| #define HAVE_STDLIB_H 1
| #define HAVE_STRING_H 1
| #define HAVE_MEMORY_H 1
| #define HAVE_STRINGS_H 1
| #define HAVE_INTTYPES_H 1
| #define HAVE_STDINT_H 1
| #define HAVE_UNISTD_H 1
| #define HAVE_DLFCN_H 1
| #define LT_OBJDIR ".libs/"
| #define HAVE_LIBSDL 1
| #define HAVE_LIBPTHREAD 1
| #define HAVE_LIBTCMALLOC 1
| #define HAVE_STDINT_H 1
| #define HAVE_STDLIB_H 1
| #define HAVE_STRING_H 1
| #define HAVE_SYS_TIME_H 1
| #define HAVE_UNISTD_H 1
| #define STDC_HEADERS 1
| #define HAVE__BOOL 1
| #define HAVE_STDBOOL_H 1
| #define TIME_WITH_SYS_TIME 1
| #define SIZEOF_LONG 0
| /* end confdefs.h.  */
| #include <stdio.h>
| #ifdef HAVE_SYS_TYPES_H
| # include <sys/types.h>
| #endif
| #ifdef HAVE_SYS_STAT_H
| # include <sys/stat.h>
| #endif
| #ifdef STDC_HEADERS
| # include <stdlib.h>
| # include <stddef.h>
| #else
| # ifdef HAVE_STDLIB_H
| #  include <stdlib.h>
| # endif
| #endif
| #ifdef HAVE_STRING_H
| # if !defined STDC_HEADERS && defined HAVE_MEMORY_H
| #  include <memory.h>
| # endif
| # include <string.h>
| #endif
| #ifdef HAVE_STRINGS_H
| # include <strings.h>
| #endif
| #ifdef HAVE_INTTYPES_H
| # include <inttypes.h>
| #endif
| #ifdef HAVE_STDINT_H
| # include <stdint.h>
| #endif
| #ifdef HAVE_UNISTD_H
| # include <unistd.h>
| #endif
| int
| main ()
| {
| if (sizeof ((pid_t)))
| 	  return 0;
|   ;
|   return 0;
| }
configure:18714: result: yes
configure:18742: checking vfork.h usability
configure:18759: gcc -c -g -O2  conftest.c >&5
conftest.c:68:19: error: vfork.h: No such file or directory
configure:18766: $? = 1
configure: failed program was:
| /* confdefs.h.  */
| #define PACKAGE_NAME "HVaaS"
| #define PACKAGE_TARNAME "hvaas"
| #define PACKAGE_VERSION "1.0"
| #define PACKAGE_STRING "HVaaS 1.0"
| #define PACKAGE_BUGREPORT "kde@gabia.com"
| #define PACKAGE "hvaas"
| #define VERSION "1.0"
| #define STDC_HEADERS 1
| #define HAVE_SYS_TYPES_H 1
| #define HAVE_SYS_STAT_H 1
| #define HAVE_STDLIB_H 1
| #define HAVE_STRING_H 1
| #define HAVE_MEMORY_H 1
| #define HAVE_STRINGS_H 1
| #define HAVE_INTTYPES_H 1
| #define HAVE_STDINT_H 1
| #define HAVE_UNISTD_H 1
| #define HAVE_DLFCN_H 1
| #define LT_OBJDIR ".libs/"
| #define HAVE_LIBSDL 1
| #define HAVE_LIBPTHREAD 1
| #define HAVE_LIBTCMALLOC 1
| #define HAVE_STDINT_H 1
| #define HAVE_STDLIB_H 1
| #define HAVE_STRING_H 1
| #define HAVE_SYS_TIME_H 1
| #define HAVE_UNISTD_H 1
| #define STDC_HEADERS 1
| #define HAVE__BOOL 1
| #define HAVE_STDBOOL_H 1
| #define TIME_WITH_SYS_TIME 1
| #define SIZEOF_LONG 0
| /* end confdefs.h.  */
| #include <stdio.h>
| #ifdef HAVE_SYS_TYPES_H
| # include <sys/types.h>
| #endif
| #ifdef HAVE_SYS_STAT_H
| # include <sys/stat.h>
| #endif
| #ifdef STDC_HEADERS
| # include <stdlib.h>
| # include <stddef.h>
| #else
| # ifdef HAVE_STDLIB_H
| #  include <stdlib.h>
| # endif
| #endif
| #ifdef HAVE_STRING_H
| # if !defined STDC_HEADERS && defined HAVE_MEMORY_H
| #  include <memory.h>
| # endif
| # include <string.h>
| #endif
| #ifdef HAVE_STRINGS_H
| # include <strings.h>
| #endif
| #ifdef HAVE_INTTYPES_H
| # include <inttypes.h>
| #endif
| #ifdef HAVE_STDINT_H
| # include <stdint.h>
| #endif
| #ifdef HAVE_UNISTD_H
| # include <unistd.h>
| #endif
| #include <vfork.h>
configure:18780: result: no
configure:18784: checking vfork.h presence
configure:18799: gcc -E  conftest.c
conftest.c:35:19: error: vfork.h: No such file or directory
configure:18806: $? = 1
configure: failed program was:
| /* confdefs.h.  */
| #define PACKAGE_NAME "HVaaS"
| #define PACKAGE_TARNAME "hvaas"
| #define PACKAGE_VERSION "1.0"
| #define PACKAGE_STRING "HVaaS 1.0"
| #define PACKAGE_BUGREPORT "kde@gabia.com"
| #define PACKAGE "hvaas"
| #define VERSION "1.0"
| #define STDC_HEADERS 1
| #define HAVE_SYS_TYPES_H 1
| #define HAVE_SYS_STAT_H 1
| #define HAVE_STDLIB_H 1
| #define HAVE_STRING_H 1
| #define HAVE_MEMORY_H 1
| #define HAVE_STRINGS_H 1
| #define HAVE_INTTYPES_H 1
| #define HAVE_STDINT_H 1
| #define HAVE_UNISTD_H 1
| #define HAVE_DLFCN_H 1
| #define LT_OBJDIR ".libs/"
| #define HAVE_LIBSDL 1
| #define HAVE_LIBPTHREAD 1
| #define HAVE_LIBTCMALLOC 1
| #define HAVE_STDINT_H 1
| #define HAVE_STDLIB_H 1
| #define HAVE_STRING_H 1
| #define HAVE_SYS_TIME_H 1
| #define HAVE_UNISTD_H 1
| #define STDC_HEADERS 1
| #define HAVE__BOOL 1
| #define HAVE_STDBOOL_H 1
| #define TIME_WITH_SYS_TIME 1
| #define SIZEOF_LONG 0
| /* end confdefs.h.  */
| #include <vfork.h>
configure:18820: result: no
configure:18853: checking for vfork.h
configure:18862: result: no
configure:18882: checking for fork
configure:18938: gcc -o conftest -g -O2   conftest.c -ltcmalloc -lpthread -lSDL  >&5
conftest.c:58: warning: conflicting types for built-in function 'fork'
configure:18945: $? = 0
configure:18967: result: yes
configure:18882: checking for vfork
configure:18938: gcc -o conftest -g -O2   conftest.c -ltcmalloc -lpthread -lSDL  >&5
configure:18945: $? = 0
configure:18967: result: yes
configure:18980: checking for working fork
configure:19012: gcc -o conftest -g -O2   conftest.c -ltcmalloc -lpthread -lSDL  >&5
configure:19016: $? = 0
configure:19022: ./conftest
./conftest: error while loading shared libraries: libtcmalloc.so.4: cannot open shared object file: No such file or directory
configure:19026: $? = 127
configure: program exited with status 127
configure: failed program was:
| /* confdefs.h.  */
| #define PACKAGE_NAME "HVaaS"
| #define PACKAGE_TARNAME "hvaas"
| #define PACKAGE_VERSION "1.0"
| #define PACKAGE_STRING "HVaaS 1.0"
| #define PACKAGE_BUGREPORT "kde@gabia.com"
| #define PACKAGE "hvaas"
| #define VERSION "1.0"
| #define STDC_HEADERS 1
| #define HAVE_SYS_TYPES_H 1
| #define HAVE_SYS_STAT_H 1
| #define HAVE_STDLIB_H 1
| #define HAVE_STRING_H 1
| #define HAVE_MEMORY_H 1
| #define HAVE_STRINGS_H 1
| #define HAVE_INTTYPES_H 1
| #define HAVE_STDINT_H 1
| #define HAVE_UNISTD_H 1
| #define HAVE_DLFCN_H 1
| #define LT_OBJDIR ".libs/"
| #define HAVE_LIBSDL 1
| #define HAVE_LIBPTHREAD 1
| #define HAVE_LIBTCMALLOC 1
| #define HAVE_STDINT_H 1
| #define HAVE_STDLIB_H 1
| #define HAVE_STRING_H 1
| #define HAVE_SYS_TIME_H 1
| #define HAVE_UNISTD_H 1
| #define STDC_HEADERS 1
| #define HAVE__BOOL 1
| #define HAVE_STDBOOL_H 1
| #define TIME_WITH_SYS_TIME 1
| #define SIZEOF_LONG 0
| #define HAVE_FORK 1
| #define HAVE_VFORK 1
| /* end confdefs.h.  */
| #include <stdio.h>
| #ifdef HAVE_SYS_TYPES_H
| # include <sys/types.h>
| #endif
| #ifdef HAVE_SYS_STAT_H
| # include <sys/stat.h>
| #endif
| #ifdef STDC_HEADERS
| # include <stdlib.h>
| # include <stddef.h>
| #else
| # ifdef HAVE_STDLIB_H
| #  include <stdlib.h>
| # endif
| #endif
| #ifdef HAVE_STRING_H
| # if !defined STDC_HEADERS && defined HAVE_MEMORY_H
| #  include <memory.h>
| # endif
| # include <string.h>
| #endif
| #ifdef HAVE_STRINGS_H
| # include <strings.h>
| #endif
| #ifdef HAVE_INTTYPES_H
| # include <inttypes.h>
| #endif
| #ifdef HAVE_STDINT_H
| # include <stdint.h>
| #endif
| #ifdef HAVE_UNISTD_H
| # include <unistd.h>
| #endif
| int
| main ()
| {
| 
| 	  /* By Ruediger Kuhlmann. */
| 	  return fork () < 0;
| 
|   ;
|   return 0;
| }
configure:19043: result: no
configure:19064: checking for working vfork
configure:19205: result: yes
configure:19241: checking for stdlib.h
configure:19248: result: yes
configure:19387: checking for GNU libc compatible malloc
configure:19421: gcc -o conftest -g -O2   conftest.c -ltcmalloc -lpthread -lSDL  >&5
configure:19425: $? = 0
configure:19431: ./conftest
./conftest: error while loading shared libraries: libtcmalloc.so.4: cannot open shared object file: No such file or directory
configure:19435: $? = 127
configure: program exited with status 127
configure: failed program was:
| /* confdefs.h.  */
| #define PACKAGE_NAME "HVaaS"
| #define PACKAGE_TARNAME "hvaas"
| #define PACKAGE_VERSION "1.0"
| #define PACKAGE_STRING "HVaaS 1.0"
| #define PACKAGE_BUGREPORT "kde@gabia.com"
| #define PACKAGE "hvaas"
| #define VERSION "1.0"
| #define STDC_HEADERS 1
| #define HAVE_SYS_TYPES_H 1
| #define HAVE_SYS_STAT_H 1
| #define HAVE_STDLIB_H 1
| #define HAVE_STRING_H 1
| #define HAVE_MEMORY_H 1
| #define HAVE_STRINGS_H 1
| #define HAVE_INTTYPES_H 1
| #define HAVE_STDINT_H 1
| #define HAVE_UNISTD_H 1
| #define HAVE_DLFCN_H 1
| #define LT_OBJDIR ".libs/"
| #define HAVE_LIBSDL 1
| #define HAVE_LIBPTHREAD 1
| #define HAVE_LIBTCMALLOC 1
| #define HAVE_STDINT_H 1
| #define HAVE_STDLIB_H 1
| #define HAVE_STRING_H 1
| #define HAVE_SYS_TIME_H 1
| #define HAVE_UNISTD_H 1
| #define STDC_HEADERS 1
| #define HAVE__BOOL 1
| #define HAVE_STDBOOL_H 1
| #define TIME_WITH_SYS_TIME 1
| #define SIZEOF_LONG 0
| #define HAVE_FORK 1
| #define HAVE_VFORK 1
| #define HAVE_WORKING_VFORK 1
| #define HAVE_STDLIB_H 1
| /* end confdefs.h.  */
| #if defined STDC_HEADERS || defined HAVE_STDLIB_H
| # include <stdlib.h>
| #else
| char *malloc ();
| #endif
| 
| int
| main ()
| {
| return ! malloc (0);
|   ;
|   return 0;
| }
configure:19452: result: no
configure:19480: checking for working memcmp
configure:19533: gcc -o conftest -g -O2   conftest.c -ltcmalloc -lpthread -lSDL  >&5
configure:19537: $? = 0
configure:19543: ./conftest
./conftest: error while loading shared libraries: libtcmalloc.so.4: cannot open shared object file: No such file or directory
configure:19547: $? = 127
configure: program exited with status 127
configure: failed program was:
| /* confdefs.h.  */
| #define PACKAGE_NAME "HVaaS"
| #define PACKAGE_TARNAME "hvaas"
| #define PACKAGE_VERSION "1.0"
| #define PACKAGE_STRING "HVaaS 1.0"
| #define PACKAGE_BUGREPORT "kde@gabia.com"
| #define PACKAGE "hvaas"
| #define VERSION "1.0"
| #define STDC_HEADERS 1
| #define HAVE_SYS_TYPES_H 1
| #define HAVE_SYS_STAT_H 1
| #define HAVE_STDLIB_H 1
| #define HAVE_STRING_H 1
| #define HAVE_MEMORY_H 1
| #define HAVE_STRINGS_H 1
| #define HAVE_INTTYPES_H 1
| #define HAVE_STDINT_H 1
| #define HAVE_UNISTD_H 1
| #define HAVE_DLFCN_H 1
| #define LT_OBJDIR ".libs/"
| #define HAVE_LIBSDL 1
| #define HAVE_LIBPTHREAD 1
| #define HAVE_LIBTCMALLOC 1
| #define HAVE_STDINT_H 1
| #define HAVE_STDLIB_H 1
| #define HAVE_STRING_H 1
| #define HAVE_SYS_TIME_H 1
| #define HAVE_UNISTD_H 1
| #define STDC_HEADERS 1
| #define HAVE__BOOL 1
| #define HAVE_STDBOOL_H 1
| #define TIME_WITH_SYS_TIME 1
| #define SIZEOF_LONG 0
| #define HAVE_FORK 1
| #define HAVE_VFORK 1
| #define HAVE_WORKING_VFORK 1
| #define HAVE_STDLIB_H 1
| #define HAVE_MALLOC 0
| #define malloc rpl_malloc
| /* end confdefs.h.  */
| #include <stdio.h>
| #ifdef HAVE_SYS_TYPES_H
| # include <sys/types.h>
| #endif
| #ifdef HAVE_SYS_STAT_H
| # include <sys/stat.h>
| #endif
| #ifdef STDC_HEADERS
| # include <stdlib.h>
| # include <stddef.h>
| #else
| # ifdef HAVE_STDLIB_H
| #  include <stdlib.h>
| # endif
| #endif
| #ifdef HAVE_STRING_H
| # if !defined STDC_HEADERS && defined HAVE_MEMORY_H
| #  include <memory.h>
| # endif
| # include <string.h>
| #endif
| #ifdef HAVE_STRINGS_H
| # include <strings.h>
| #endif
| #ifdef HAVE_INTTYPES_H
| # include <inttypes.h>
| #endif
| #ifdef HAVE_STDINT_H
| # include <stdint.h>
| #endif
| #ifdef HAVE_UNISTD_H
| # include <unistd.h>
| #endif
| int
| main ()
| {
| 
|   /* Some versions of memcmp are not 8-bit clean.  */
|   char c0 = '\100', c1 = '\200', c2 = '\201';
|   if (memcmp(&c0, &c2, 1) >= 0 || memcmp(&c1, &c2, 1) >= 0)
|     return 1;
| 
|   /* The Next x86 OpenStep bug shows up only when comparing 16 bytes
|      or more and with at least one buffer not starting on a 4-byte boundary.
|      William Lewis provided this test program.   */
|   {
|     char foo[21];
|     char bar[21];
|     int i;
|     for (i = 0; i < 4; i++)
|       {
| 	char *a = foo + i;
| 	char *b = bar + i;
| 	strcpy (a, "--------01111111");
| 	strcpy (b, "--------10000000");
| 	if (memcmp (a, b, 16) >= 0)
| 	  return 1;
|       }
|     return 0;
|   }
| 
|   ;
|   return 0;
| }
configure:19564: result: no
configure:19578: checking for stdlib.h
configure:19585: result: yes
configure:19724: checking for GNU libc compatible realloc
configure:19758: gcc -o conftest -g -O2   conftest.c -ltcmalloc -lpthread -lSDL  >&5
configure:19762: $? = 0
configure:19768: ./conftest
./conftest: error while loading shared libraries: libtcmalloc.so.4: cannot open shared object file: No such file or directory
configure:19772: $? = 127
configure: program exited with status 127
configure: failed program was:
| /* confdefs.h.  */
| #define PACKAGE_NAME "HVaaS"
| #define PACKAGE_TARNAME "hvaas"
| #define PACKAGE_VERSION "1.0"
| #define PACKAGE_STRING "HVaaS 1.0"
| #define PACKAGE_BUGREPORT "kde@gabia.com"
| #define PACKAGE "hvaas"
| #define VERSION "1.0"
| #define STDC_HEADERS 1
| #define HAVE_SYS_TYPES_H 1
| #define HAVE_SYS_STAT_H 1
| #define HAVE_STDLIB_H 1
| #define HAVE_STRING_H 1
| #define HAVE_MEMORY_H 1
| #define HAVE_STRINGS_H 1
| #define HAVE_INTTYPES_H 1
| #define HAVE_STDINT_H 1
| #define HAVE_UNISTD_H 1
| #define HAVE_DLFCN_H 1
| #define LT_OBJDIR ".libs/"
| #define HAVE_LIBSDL 1
| #define HAVE_LIBPTHREAD 1
| #define HAVE_LIBTCMALLOC 1
| #define HAVE_STDINT_H 1
| #define HAVE_STDLIB_H 1
| #define HAVE_STRING_H 1
| #define HAVE_SYS_TIME_H 1
| #define HAVE_UNISTD_H 1
| #define STDC_HEADERS 1
| #define HAVE__BOOL 1
| #define HAVE_STDBOOL_H 1
| #define TIME_WITH_SYS_TIME 1
| #define SIZEOF_LONG 0
| #define HAVE_FORK 1
| #define HAVE_VFORK 1
| #define HAVE_WORKING_VFORK 1
| #define HAVE_STDLIB_H 1
| #define HAVE_MALLOC 0
| #define malloc rpl_malloc
| #define HAVE_STDLIB_H 1
| /* end confdefs.h.  */
| #if defined STDC_HEADERS || defined HAVE_STDLIB_H
| # include <stdlib.h>
| #else
| char *realloc ();
| #endif
| 
| int
| main ()
| {
| return ! realloc (0, 0);
|   ;
|   return 0;
| }
configure:19789: result: no
configure:19834: checking sys/select.h usability
configure:19851: gcc -c -g -O2  conftest.c >&5
configure:19858: $? = 0
configure:19872: result: yes
configure:19876: checking sys/select.h presence
configure:19891: gcc -E  conftest.c
configure:19898: $? = 0
configure:19912: result: yes
configure:19945: checking for sys/select.h
configure:19954: result: yes
configure:19834: checking sys/socket.h usability
configure:19851: gcc -c -g -O2  conftest.c >&5
configure:19858: $? = 0
configure:19872: result: yes
configure:19876: checking sys/socket.h presence
configure:19891: gcc -E  conftest.c
configure:19898: $? = 0
configure:19912: result: yes
configure:19945: checking for sys/socket.h
configure:19954: result: yes
configure:19969: checking types of arguments for select
configure:20007: gcc -c -g -O2  conftest.c >&5
configure:20014: $? = 0
configure:20035: result: int,fd_set *,struct timeval *
configure:20058: checking whether setpgrp takes no argument
configure:20092: gcc -o conftest -g -O2   conftest.c -ltcmalloc -lpthread -lSDL  >&5
conftest.c: In function 'main':
conftest.c:88: error: too many arguments to function 'setpgrp'
configure:20096: $? = 1
configure: program exited with status 1
configure: failed program was:
| /* confdefs.h.  */
| #define PACKAGE_NAME "HVaaS"
| #define PACKAGE_TARNAME "hvaas"
| #define PACKAGE_VERSION "1.0"
| #define PACKAGE_STRING "HVaaS 1.0"
| #define PACKAGE_BUGREPORT "kde@gabia.com"
| #define PACKAGE "hvaas"
| #define VERSION "1.0"
| #define STDC_HEADERS 1
| #define HAVE_SYS_TYPES_H 1
| #define HAVE_SYS_STAT_H 1
| #define HAVE_STDLIB_H 1
| #define HAVE_STRING_H 1
| #define HAVE_MEMORY_H 1
| #define HAVE_STRINGS_H 1
| #define HAVE_INTTYPES_H 1
| #define HAVE_STDINT_H 1
| #define HAVE_UNISTD_H 1
| #define HAVE_DLFCN_H 1
| #define LT_OBJDIR ".libs/"
| #define HAVE_LIBSDL 1
| #define HAVE_LIBPTHREAD 1
| #define HAVE_LIBTCMALLOC 1
| #define HAVE_STDINT_H 1
| #define HAVE_STDLIB_H 1
| #define HAVE_STRING_H 1
| #define HAVE_SYS_TIME_H 1
| #define HAVE_UNISTD_H 1
| #define STDC_HEADERS 1
| #define HAVE__BOOL 1
| #define HAVE_STDBOOL_H 1
| #define TIME_WITH_SYS_TIME 1
| #define SIZEOF_LONG 0
| #define HAVE_FORK 1
| #define HAVE_VFORK 1
| #define HAVE_WORKING_VFORK 1
| #define HAVE_STDLIB_H 1
| #define HAVE_MALLOC 0
| #define malloc rpl_malloc
| #define HAVE_STDLIB_H 1
| #define HAVE_REALLOC 0
| #define realloc rpl_realloc
| #define HAVE_SYS_SELECT_H 1
| #define HAVE_SYS_SOCKET_H 1
| #define SELECT_TYPE_ARG1 int
| #define SELECT_TYPE_ARG234 (fd_set *)
| #define SELECT_TYPE_ARG5 (struct timeval *)
| /* end confdefs.h.  */
| #include <stdio.h>
| #ifdef HAVE_SYS_TYPES_H
| # include <sys/types.h>
| #endif
| #ifdef HAVE_SYS_STAT_H
| # include <sys/stat.h>
| #endif
| #ifdef STDC_HEADERS
| # include <stdlib.h>
| # include <stddef.h>
| #else
| # ifdef HAVE_STDLIB_H
| #  include <stdlib.h>
| # endif
| #endif
| #ifdef HAVE_STRING_H
| # if !defined STDC_HEADERS && defined HAVE_MEMORY_H
| #  include <memory.h>
| # endif
| # include <string.h>
| #endif
| #ifdef HAVE_STRINGS_H
| # include <strings.h>
| #endif
| #ifdef HAVE_INTTYPES_H
| # include <inttypes.h>
| #endif
| #ifdef HAVE_STDINT_H
| # include <stdint.h>
| #endif
| #ifdef HAVE_UNISTD_H
| # include <unistd.h>
| #endif
| int
| main ()
| {
| /* If this system has a BSD-style setpgrp which takes arguments,
|   setpgrp(1, 1) will fail with ESRCH and return -1, in that case
|   exit successfully. */
|   return setpgrp (1,1) != -1;
|   ;
|   return 0;
| }
configure:20123: result: yes
configure:20133: checking return type of signal handlers
configure:20161: gcc -c -g -O2  conftest.c >&5
conftest.c: In function 'main':
conftest.c:56: error: void value not ignored as it ought to be
configure:20168: $? = 1
configure: failed program was:
| /* confdefs.h.  */
| #define PACKAGE_NAME "HVaaS"
| #define PACKAGE_TARNAME "hvaas"
| #define PACKAGE_VERSION "1.0"
| #define PACKAGE_STRING "HVaaS 1.0"
| #define PACKAGE_BUGREPORT "kde@gabia.com"
| #define PACKAGE "hvaas"
| #define VERSION "1.0"
| #define STDC_HEADERS 1
| #define HAVE_SYS_TYPES_H 1
| #define HAVE_SYS_STAT_H 1
| #define HAVE_STDLIB_H 1
| #define HAVE_STRING_H 1
| #define HAVE_MEMORY_H 1
| #define HAVE_STRINGS_H 1
| #define HAVE_INTTYPES_H 1
| #define HAVE_STDINT_H 1
| #define HAVE_UNISTD_H 1
| #define HAVE_DLFCN_H 1
| #define LT_OBJDIR ".libs/"
| #define HAVE_LIBSDL 1
| #define HAVE_LIBPTHREAD 1
| #define HAVE_LIBTCMALLOC 1
| #define HAVE_STDINT_H 1
| #define HAVE_STDLIB_H 1
| #define HAVE_STRING_H 1
| #define HAVE_SYS_TIME_H 1
| #define HAVE_UNISTD_H 1
| #define STDC_HEADERS 1
| #define HAVE__BOOL 1
| #define HAVE_STDBOOL_H 1
| #define TIME_WITH_SYS_TIME 1
| #define SIZEOF_LONG 0
| #define HAVE_FORK 1
| #define HAVE_VFORK 1
| #define HAVE_WORKING_VFORK 1
| #define HAVE_STDLIB_H 1
| #define HAVE_MALLOC 0
| #define malloc rpl_malloc
| #define HAVE_STDLIB_H 1
| #define HAVE_REALLOC 0
| #define realloc rpl_realloc
| #define HAVE_SYS_SELECT_H 1
| #define HAVE_SYS_SOCKET_H 1
| #define SELECT_TYPE_ARG1 int
| #define SELECT_TYPE_ARG234 (fd_set *)
| #define SELECT_TYPE_ARG5 (struct timeval *)
| #define SETPGRP_VOID 1
| /* end confdefs.h.  */
| #include <sys/types.h>
| #include <signal.h>
| 
| int
| main ()
| {
| return *(signal (0, 0)) (0) == 1;
|   ;
|   return 0;
| }
configure:20183: result: void
configure:20191: checking whether lstat dereferences a symlink specified with a trailing slash
configure:20227: gcc -o conftest -g -O2   conftest.c -ltcmalloc -lpthread -lSDL  >&5
configure:20231: $? = 0
configure:20237: ./conftest
./conftest: error while loading shared libraries: libtcmalloc.so.4: cannot open shared object file: No such file or directory
configure:20241: $? = 127
configure: program exited with status 127
configure: failed program was:
| /* confdefs.h.  */
| #define PACKAGE_NAME "HVaaS"
| #define PACKAGE_TARNAME "hvaas"
| #define PACKAGE_VERSION "1.0"
| #define PACKAGE_STRING "HVaaS 1.0"
| #define PACKAGE_BUGREPORT "kde@gabia.com"
| #define PACKAGE "hvaas"
| #define VERSION "1.0"
| #define STDC_HEADERS 1
| #define HAVE_SYS_TYPES_H 1
| #define HAVE_SYS_STAT_H 1
| #define HAVE_STDLIB_H 1
| #define HAVE_STRING_H 1
| #define HAVE_MEMORY_H 1
| #define HAVE_STRINGS_H 1
| #define HAVE_INTTYPES_H 1
| #define HAVE_STDINT_H 1
| #define HAVE_UNISTD_H 1
| #define HAVE_DLFCN_H 1
| #define LT_OBJDIR ".libs/"
| #define HAVE_LIBSDL 1
| #define HAVE_LIBPTHREAD 1
| #define HAVE_LIBTCMALLOC 1
| #define HAVE_STDINT_H 1
| #define HAVE_STDLIB_H 1
| #define HAVE_STRING_H 1
| #define HAVE_SYS_TIME_H 1
| #define HAVE_UNISTD_H 1
| #define STDC_HEADERS 1
| #define HAVE__BOOL 1
| #define HAVE_STDBOOL_H 1
| #define TIME_WITH_SYS_TIME 1
| #define SIZEOF_LONG 0
| #define HAVE_FORK 1
| #define HAVE_VFORK 1
| #define HAVE_WORKING_VFORK 1
| #define HAVE_STDLIB_H 1
| #define HAVE_MALLOC 0
| #define malloc rpl_malloc
| #define HAVE_STDLIB_H 1
| #define HAVE_REALLOC 0
| #define realloc rpl_realloc
| #define HAVE_SYS_SELECT_H 1
| #define HAVE_SYS_SOCKET_H 1
| #define SELECT_TYPE_ARG1 int
| #define SELECT_TYPE_ARG234 (fd_set *)
| #define SELECT_TYPE_ARG5 (struct timeval *)
| #define SETPGRP_VOID 1
| #define RETSIGTYPE void
| /* end confdefs.h.  */
| #include <stdio.h>
| #ifdef HAVE_SYS_TYPES_H
| # include <sys/types.h>
| #endif
| #ifdef HAVE_SYS_STAT_H
| # include <sys/stat.h>
| #endif
| #ifdef STDC_HEADERS
| # include <stdlib.h>
| # include <stddef.h>
| #else
| # ifdef HAVE_STDLIB_H
| #  include <stdlib.h>
| # endif
| #endif
| #ifdef HAVE_STRING_H
| # if !defined STDC_HEADERS && defined HAVE_MEMORY_H
| #  include <memory.h>
| # endif
| # include <string.h>
| #endif
| #ifdef HAVE_STRINGS_H
| # include <strings.h>
| #endif
| #ifdef HAVE_INTTYPES_H
| # include <inttypes.h>
| #endif
| #ifdef HAVE_STDINT_H
| # include <stdint.h>
| #endif
| #ifdef HAVE_UNISTD_H
| # include <unistd.h>
| #endif
| int
| main ()
| {
| struct stat sbuf;
|      /* Linux will dereference the symlink and fail.
| 	That is better in the sense that it means we will not
| 	have to compile and use the lstat wrapper.  */
|      return lstat ("conftest.sym/", &sbuf) == 0;
|   ;
|   return 0;
| }
configure:20265: result: no
configure:20284: checking whether stat accepts an empty string
configure:20314: gcc -o conftest -g -O2   conftest.c -ltcmalloc -lpthread -lSDL  >&5
configure:20318: $? = 0
configure:20324: ./conftest
./conftest: error while loading shared libraries: libtcmalloc.so.4: cannot open shared object file: No such file or directory
configure:20328: $? = 127
configure: program exited with status 127
configure: failed program was:
| /* confdefs.h.  */
| #define PACKAGE_NAME "HVaaS"
| #define PACKAGE_TARNAME "hvaas"
| #define PACKAGE_VERSION "1.0"
| #define PACKAGE_STRING "HVaaS 1.0"
| #define PACKAGE_BUGREPORT "kde@gabia.com"
| #define PACKAGE "hvaas"
| #define VERSION "1.0"
| #define STDC_HEADERS 1
| #define HAVE_SYS_TYPES_H 1
| #define HAVE_SYS_STAT_H 1
| #define HAVE_STDLIB_H 1
| #define HAVE_STRING_H 1
| #define HAVE_MEMORY_H 1
| #define HAVE_STRINGS_H 1
| #define HAVE_INTTYPES_H 1
| #define HAVE_STDINT_H 1
| #define HAVE_UNISTD_H 1
| #define HAVE_DLFCN_H 1
| #define LT_OBJDIR ".libs/"
| #define HAVE_LIBSDL 1
| #define HAVE_LIBPTHREAD 1
| #define HAVE_LIBTCMALLOC 1
| #define HAVE_STDINT_H 1
| #define HAVE_STDLIB_H 1
| #define HAVE_STRING_H 1
| #define HAVE_SYS_TIME_H 1
| #define HAVE_UNISTD_H 1
| #define STDC_HEADERS 1
| #define HAVE__BOOL 1
| #define HAVE_STDBOOL_H 1
| #define TIME_WITH_SYS_TIME 1
| #define SIZEOF_LONG 0
| #define HAVE_FORK 1
| #define HAVE_VFORK 1
| #define HAVE_WORKING_VFORK 1
| #define HAVE_STDLIB_H 1
| #define HAVE_MALLOC 0
| #define malloc rpl_malloc
| #define HAVE_STDLIB_H 1
| #define HAVE_REALLOC 0
| #define realloc rpl_realloc
| #define HAVE_SYS_SELECT_H 1
| #define HAVE_SYS_SOCKET_H 1
| #define SELECT_TYPE_ARG1 int
| #define SELECT_TYPE_ARG234 (fd_set *)
| #define SELECT_TYPE_ARG5 (struct timeval *)
| #define SETPGRP_VOID 1
| #define RETSIGTYPE void
| /* end confdefs.h.  */
| #include <stdio.h>
| #ifdef HAVE_SYS_TYPES_H
| # include <sys/types.h>
| #endif
| #ifdef HAVE_SYS_STAT_H
| # include <sys/stat.h>
| #endif
| #ifdef STDC_HEADERS
| # include <stdlib.h>
| # include <stddef.h>
| #else
| # ifdef HAVE_STDLIB_H
| #  include <stdlib.h>
| # endif
| #endif
| #ifdef HAVE_STRING_H
| # if !defined STDC_HEADERS && defined HAVE_MEMORY_H
| #  include <memory.h>
| # endif
| # include <string.h>
| #endif
| #ifdef HAVE_STRINGS_H
| # include <strings.h>
| #endif
| #ifdef HAVE_INTTYPES_H
| # include <inttypes.h>
| #endif
| #ifdef HAVE_STDINT_H
| # include <stdint.h>
| #endif
| #ifdef HAVE_UNISTD_H
| # include <unistd.h>
| #endif
| int
| main ()
| {
| struct stat sbuf;
|   return stat ("", &sbuf) == 0;
|   ;
|   return 0;
| }
configure:20345: result: yes
configure:20361: checking for working strtod
configure:20412: gcc -o conftest -g -O2   conftest.c -ltcmalloc -lpthread -lSDL  >&5
configure:20416: $? = 0
configure:20422: ./conftest
./conftest: error while loading shared libraries: libtcmalloc.so.4: cannot open shared object file: No such file or directory
configure:20426: $? = 127
configure: program exited with status 127
configure: failed program was:
| /* confdefs.h.  */
| #define PACKAGE_NAME "HVaaS"
| #define PACKAGE_TARNAME "hvaas"
| #define PACKAGE_VERSION "1.0"
| #define PACKAGE_STRING "HVaaS 1.0"
| #define PACKAGE_BUGREPORT "kde@gabia.com"
| #define PACKAGE "hvaas"
| #define VERSION "1.0"
| #define STDC_HEADERS 1
| #define HAVE_SYS_TYPES_H 1
| #define HAVE_SYS_STAT_H 1
| #define HAVE_STDLIB_H 1
| #define HAVE_STRING_H 1
| #define HAVE_MEMORY_H 1
| #define HAVE_STRINGS_H 1
| #define HAVE_INTTYPES_H 1
| #define HAVE_STDINT_H 1
| #define HAVE_UNISTD_H 1
| #define HAVE_DLFCN_H 1
| #define LT_OBJDIR ".libs/"
| #define HAVE_LIBSDL 1
| #define HAVE_LIBPTHREAD 1
| #define HAVE_LIBTCMALLOC 1
| #define HAVE_STDINT_H 1
| #define HAVE_STDLIB_H 1
| #define HAVE_STRING_H 1
| #define HAVE_SYS_TIME_H 1
| #define HAVE_UNISTD_H 1
| #define STDC_HEADERS 1
| #define HAVE__BOOL 1
| #define HAVE_STDBOOL_H 1
| #define TIME_WITH_SYS_TIME 1
| #define SIZEOF_LONG 0
| #define HAVE_FORK 1
| #define HAVE_VFORK 1
| #define HAVE_WORKING_VFORK 1
| #define HAVE_STDLIB_H 1
| #define HAVE_MALLOC 0
| #define malloc rpl_malloc
| #define HAVE_STDLIB_H 1
| #define HAVE_REALLOC 0
| #define realloc rpl_realloc
| #define HAVE_SYS_SELECT_H 1
| #define HAVE_SYS_SOCKET_H 1
| #define SELECT_TYPE_ARG1 int
| #define SELECT_TYPE_ARG234 (fd_set *)
| #define SELECT_TYPE_ARG5 (struct timeval *)
| #define SETPGRP_VOID 1
| #define RETSIGTYPE void
| #define HAVE_STAT_EMPTY_STRING_BUG 1
| /* end confdefs.h.  */
| 
| #include <stdio.h>
| #ifdef HAVE_SYS_TYPES_H
| # include <sys/types.h>
| #endif
| #ifdef HAVE_SYS_STAT_H
| # include <sys/stat.h>
| #endif
| #ifdef STDC_HEADERS
| # include <stdlib.h>
| # include <stddef.h>
| #else
| # ifdef HAVE_STDLIB_H
| #  include <stdlib.h>
| # endif
| #endif
| #ifdef HAVE_STRING_H
| # if !defined STDC_HEADERS && defined HAVE_MEMORY_H
| #  include <memory.h>
| # endif
| # include <string.h>
| #endif
| #ifdef HAVE_STRINGS_H
| # include <strings.h>
| #endif
| #ifdef HAVE_INTTYPES_H
| # include <inttypes.h>
| #endif
| #ifdef HAVE_STDINT_H
| # include <stdint.h>
| #endif
| #ifdef HAVE_UNISTD_H
| # include <unistd.h>
| #endif
| #ifndef strtod
| double strtod ();
| #endif
| int
| main()
| {
|   {
|     /* Some versions of Linux strtod mis-parse strings with leading '+'.  */
|     char *string = " +69";
|     char *term;
|     double value;
|     value = strtod (string, &term);
|     if (value != 69 || term != (string + 4))
|       return 1;
|   }
| 
|   {
|     /* Under Solaris 2.4, strtod returns the wrong value for the
|        terminating character under some conditions.  */
|     char *string = "NaN";
|     char *term;
|     strtod (string, &term);
|     if (term != string && *(term - 1) == 0)
|       return 1;
|   }
|   return 0;
| }
| 
configure:20443: result: no
configure:20452: checking for pow
configure:20508: gcc -o conftest -g -O2   conftest.c -ltcmalloc -lpthread -lSDL  >&5
conftest.c:75: warning: conflicting types for built-in function 'pow'
configure:20515: $? = 0
configure:20535: result: yes
configure:20619: checking for vprintf
configure:20675: gcc -o conftest -g -O2   conftest.c -ltcmalloc -lpthread -lSDL  >&5
conftest.c:75: warning: conflicting types for built-in function 'vprintf'
configure:20682: $? = 0
configure:20704: result: yes
configure:20713: checking for _doprnt
configure:20769: gcc -o conftest -g -O2   conftest.c -ltcmalloc -lpthread -lSDL  >&5
/tmp/ccAKDhn4.o: In function `main':
/fsapp/FMS/conftest.c:87: undefined reference to `_doprnt'
collect2: ld returned 1 exit status
configure:20776: $? = 1
configure: failed program was:
| /* confdefs.h.  */
| #define PACKAGE_NAME "HVaaS"
| #define PACKAGE_TARNAME "hvaas"
| #define PACKAGE_VERSION "1.0"
| #define PACKAGE_STRING "HVaaS 1.0"
| #define PACKAGE_BUGREPORT "kde@gabia.com"
| #define PACKAGE "hvaas"
| #define VERSION "1.0"
| #define STDC_HEADERS 1
| #define HAVE_SYS_TYPES_H 1
| #define HAVE_SYS_STAT_H 1
| #define HAVE_STDLIB_H 1
| #define HAVE_STRING_H 1
| #define HAVE_MEMORY_H 1
| #define HAVE_STRINGS_H 1
| #define HAVE_INTTYPES_H 1
| #define HAVE_STDINT_H 1
| #define HAVE_UNISTD_H 1
| #define HAVE_DLFCN_H 1
| #define LT_OBJDIR ".libs/"
| #define HAVE_LIBSDL 1
| #define HAVE_LIBPTHREAD 1
| #define HAVE_LIBTCMALLOC 1
| #define HAVE_STDINT_H 1
| #define HAVE_STDLIB_H 1
| #define HAVE_STRING_H 1
| #define HAVE_SYS_TIME_H 1
| #define HAVE_UNISTD_H 1
| #define STDC_HEADERS 1
| #define HAVE__BOOL 1
| #define HAVE_STDBOOL_H 1
| #define TIME_WITH_SYS_TIME 1
| #define SIZEOF_LONG 0
| #define HAVE_FORK 1
| #define HAVE_VFORK 1
| #define HAVE_WORKING_VFORK 1
| #define HAVE_STDLIB_H 1
| #define HAVE_MALLOC 0
| #define malloc rpl_malloc
| #define HAVE_STDLIB_H 1
| #define HAVE_REALLOC 0
| #define realloc rpl_realloc
| #define HAVE_SYS_SELECT_H 1
| #define HAVE_SYS_SOCKET_H 1
| #define SELECT_TYPE_ARG1 int
| #define SELECT_TYPE_ARG234 (fd_set *)
| #define SELECT_TYPE_ARG5 (struct timeval *)
| #define SETPGRP_VOID 1
| #define RETSIGTYPE void
| #define HAVE_STAT_EMPTY_STRING_BUG 1
| #define HAVE_VPRINTF 1
| /* end confdefs.h.  */
| /* Define _doprnt to an innocuous variant, in case <limits.h> declares _doprnt.
|    For example, HP-UX 11i <limits.h> declares gettimeofday.  */
| #define _doprnt innocuous__doprnt
| 
| /* System header to define __stub macros and hopefully few prototypes,
|     which can conflict with char _doprnt (); below.
|     Prefer <limits.h> to <assert.h> if __STDC__ is defined, since
|     <limits.h> exists even on freestanding compilers.  */
| 
| #ifdef __STDC__
| # include <limits.h>
| #else
| # include <assert.h>
| #endif
| 
| #undef _doprnt
| 
| /* Override any GCC internal prototype to avoid an error.
|    Use char because int might match the return type of a GCC
|    builtin and then its argument prototype would still apply.  */
| #ifdef __cplusplus
| extern "C"
| #endif
| char _doprnt ();
| /* The GNU C library defines this for functions which it implements
|     to always fail with ENOSYS.  Some functions are actually named
|     something starting with __ and the normal name is an alias.  */
| #if defined __stub__doprnt || defined __stub____doprnt
| choke me
| #endif
| 
| int
| main ()
| {
| return _doprnt ();
|   ;
|   return 0;
| }
configure:20796: result: no
configure:20834: checking for gethostbyaddr
configure:20890: gcc -o conftest -g -O2   conftest.c -ltcmalloc -lpthread -lSDL  >&5
configure:20897: $? = 0
configure:20919: result: yes
configure:20834: checking for gethostbyname
configure:20890: gcc -o conftest -g -O2   conftest.c -ltcmalloc -lpthread -lSDL  >&5
configure:20897: $? = 0
configure:20919: result: yes
configure:20834: checking for gethostname
configure:20890: gcc -o conftest -g -O2   conftest.c -ltcmalloc -lpthread -lSDL  >&5
configure:20897: $? = 0
configure:20919: result: yes
configure:20834: checking for gettimeofday
configure:20890: gcc -o conftest -g -O2   conftest.c -ltcmalloc -lpthread -lSDL  >&5
configure:20897: $? = 0
configure:20919: result: yes
configure:20834: checking for inet_ntoa
configure:20890: gcc -o conftest -g -O2   conftest.c -ltcmalloc -lpthread -lSDL  >&5
configure:20897: $? = 0
configure:20919: result: yes
configure:20834: checking for memmove
configure:20890: gcc -o conftest -g -O2   conftest.c -ltcmalloc -lpthread -lSDL  >&5
conftest.c:81: warning: conflicting types for built-in function 'memmove'
configure:20897: $? = 0
configure:20919: result: yes
configure:20834: checking for memset
configure:20890: gcc -o conftest -g -O2   conftest.c -ltcmalloc -lpthread -lSDL  >&5
conftest.c:82: warning: conflicting types for built-in function 'memset'
configure:20897: $? = 0
configure:20919: result: yes
configure:20834: checking for mkdir
configure:20890: gcc -o conftest -g -O2   conftest.c -ltcmalloc -lpthread -lSDL  >&5
configure:20897: $? = 0
configure:20919: result: yes
configure:20834: checking for modf
configure:20890: gcc -o conftest -g -O2   conftest.c -ltcmalloc -lpthread -lSDL  >&5
conftest.c:84: warning: conflicting types for built-in function 'modf'
configure:20897: $? = 0
configure:20919: result: yes
configure:20834: checking for pow
configure:20919: result: yes
configure:20834: checking for select
configure:20890: gcc -o conftest -g -O2   conftest.c -ltcmalloc -lpthread -lSDL  >&5
configure:20897: $? = 0
configure:20919: result: yes
configure:20834: checking for socket
configure:20890: gcc -o conftest -g -O2   conftest.c -ltcmalloc -lpthread -lSDL  >&5
configure:20897: $? = 0
configure:20919: result: yes
configure:20834: checking for sqrt
configure:20890: gcc -o conftest -g -O2   conftest.c -ltcmalloc -lpthread -lSDL  >&5
conftest.c:88: warning: conflicting types for built-in function 'sqrt'
configure:20897: $? = 0
configure:20919: result: yes
configure:20834: checking for strcasecmp
configure:20890: gcc -o conftest -g -O2   conftest.c -ltcmalloc -lpthread -lSDL  >&5
conftest.c:89: warning: conflicting types for built-in function 'strcasecmp'
configure:20897: $? = 0
configure:20919: result: yes
configure:20834: checking for strchr
configure:20890: gcc -o conftest -g -O2   conftest.c -ltcmalloc -lpthread -lSDL  >&5
conftest.c:90: warning: conflicting types for built-in function 'strchr'
configure:20897: $? = 0
configure:20919: result: yes
configure:20834: checking for strcspn
configure:20890: gcc -o conftest -g -O2   conftest.c -ltcmalloc -lpthread -lSDL  >&5
conftest.c:91: warning: conflicting types for built-in function 'strcspn'
configure:20897: $? = 0
configure:20919: result: yes
configure:20834: checking for strdup
configure:20890: gcc -o conftest -g -O2   conftest.c -ltcmalloc -lpthread -lSDL  >&5
conftest.c:92: warning: conflicting types for built-in function 'strdup'
configure:20897: $? = 0
configure:20919: result: yes
configure:20834: checking for strrchr
configure:20890: gcc -o conftest -g -O2   conftest.c -ltcmalloc -lpthread -lSDL  >&5
conftest.c:93: warning: conflicting types for built-in function 'strrchr'
configure:20897: $? = 0
configure:20919: result: yes
configure:20834: checking for strstr
configure:20890: gcc -o conftest -g -O2   conftest.c -ltcmalloc -lpthread -lSDL  >&5
conftest.c:94: warning: conflicting types for built-in function 'strstr'
configure:20897: $? = 0
configure:20919: result: yes
configure:20834: checking for strtol
configure:20890: gcc -o conftest -g -O2   conftest.c -ltcmalloc -lpthread -lSDL  >&5
configure:20897: $? = 0
configure:20919: result: yes
configure:20834: checking for uname
configure:20890: gcc -o conftest -g -O2   conftest.c -ltcmalloc -lpthread -lSDL  >&5
configure:20897: $? = 0
configure:20919: result: yes
configure:21080: creating ./config.status

## ---------------------- ##
## Running config.status. ##
## ---------------------- ##

This file was extended by HVaaS config.status 1.0, which was
generated by GNU Autoconf 2.63.  Invocation command line was

  CONFIG_FILES    = 
  CONFIG_HEADERS  = 
  CONFIG_LINKS    = 
  CONFIG_COMMANDS = 
  $ ./config.status 

on terax-vm

config.status:1106: creating Makefile
config.status:1106: creating src/Makefile
config.status:1106: creating src/libcom/Makefile
config.status:1106: creating src/fmsd/Makefile
config.status:1106: creating src/fsnmpd/Makefile
config.status:1106: creating test/Makefile
config.status:1106: creating config.h
config.status:1380: executing depfiles commands
config.status:1380: executing libtool commands

## ---------------- ##
## Cache variables. ##
## ---------------- ##

ac_cv_build=x86_64-redhat-linux-gnu
ac_cv_c_bigendian=no
ac_cv_c_compiler_gnu=yes
ac_cv_c_const=yes
ac_cv_c_inline=inline
ac_cv_c_volatile=yes
ac_cv_cxx_compiler_gnu=yes
ac_cv_env_CCC_set=
ac_cv_env_CCC_value=
ac_cv_env_CC_set=
ac_cv_env_CC_value=
ac_cv_env_CFLAGS_set=
ac_cv_env_CFLAGS_value=
ac_cv_env_CPPFLAGS_set=
ac_cv_env_CPPFLAGS_value=
ac_cv_env_CPP_set=
ac_cv_env_CPP_value=
ac_cv_env_CXXCPP_set=
ac_cv_env_CXXCPP_value=
ac_cv_env_CXXFLAGS_set=
ac_cv_env_CXXFLAGS_value=
ac_cv_env_CXX_set=
ac_cv_env_CXX_value=
ac_cv_env_LDFLAGS_set=
ac_cv_env_LDFLAGS_value=
ac_cv_env_LIBS_set=
ac_cv_env_LIBS_value=
ac_cv_env_build_alias_set=
ac_cv_env_build_alias_value=
ac_cv_env_host_alias_set=
ac_cv_env_host_alias_value=
ac_cv_env_target_alias_set=
ac_cv_env_target_alias_value=
ac_cv_func__doprnt=no
ac_cv_func_fork=yes
ac_cv_func_fork_works=no
ac_cv_func_gethostbyaddr=yes
ac_cv_func_gethostbyname=yes
ac_cv_func_gethostname=yes
ac_cv_func_gettimeofday=yes
ac_cv_func_inet_ntoa=yes
ac_cv_func_lstat_dereferences_slashed_symlink=no
ac_cv_func_malloc_0_nonnull=no
ac_cv_func_memcmp_working=no
ac_cv_func_memmove=yes
ac_cv_func_memset=yes
ac_cv_func_mkdir=yes
ac_cv_func_modf=yes
ac_cv_func_pow=yes
ac_cv_func_realloc_0_nonnull=no
ac_cv_func_select=yes
ac_cv_func_select_args='int,fd_set *,struct timeval *'
ac_cv_func_setpgrp_void=yes
ac_cv_func_socket=yes
ac_cv_func_sqrt=yes
ac_cv_func_stat_empty_string_bug=yes
ac_cv_func_strcasecmp=yes
ac_cv_func_strchr=yes
ac_cv_func_strcspn=yes
ac_cv_func_strdup=yes
ac_cv_func_strrchr=yes
ac_cv_func_strstr=yes
ac_cv_func_strtod=no
ac_cv_func_strtol=yes
ac_cv_func_uname=yes
ac_cv_func_vfork=yes
ac_cv_func_vfork_works=yes
ac_cv_func_vprintf=yes
ac_cv_header_XmlRpcCpp_h=no
ac_cv_header_dlfcn_h=yes
ac_cv_header_inttypes_h=yes
ac_cv_header_memory_h=yes
ac_cv_header_stdbool_h=yes
ac_cv_header_stdc=yes
ac_cv_header_stdint_h=yes
ac_cv_header_stdlib_h=yes
ac_cv_header_string_h=yes
ac_cv_header_strings_h=yes
ac_cv_header_sys_select_h=yes
ac_cv_header_sys_socket_h=yes
ac_cv_header_sys_stat_h=yes
ac_cv_header_sys_time_h=yes
ac_cv_header_sys_types_h=yes
ac_cv_header_time=yes
ac_cv_header_unistd_h=yes
ac_cv_header_vfork_h=no
ac_cv_header_xmlrpc_c_base_h=no
ac_cv_host=x86_64-redhat-linux-gnu
ac_cv_lib_SDL_SDL_CreateThread=yes
ac_cv_lib_pthread_pthread_create=yes
ac_cv_lib_tcmalloc_tc_malloc=yes
ac_cv_objext=o
ac_cv_path_EGREP='/bin/grep -E'
ac_cv_path_FGREP='/bin/grep -F'
ac_cv_path_GREP=/bin/grep
ac_cv_path_SED=/bin/sed
ac_cv_path_install='/usr/bin/install -c'
ac_cv_path_mkdir=/bin/mkdir
ac_cv_prog_AWK=gawk
ac_cv_prog_CPP='gcc -E'
ac_cv_prog_CXXCPP='g++ -E'
ac_cv_prog_SDL_CONFIG=sdl-config
ac_cv_prog_ac_ct_AR=ar
ac_cv_prog_ac_ct_CC=gcc
ac_cv_prog_ac_ct_CXX=g++
ac_cv_prog_ac_ct_OBJDUMP=objdump
ac_cv_prog_ac_ct_RANLIB=ranlib
ac_cv_prog_ac_ct_STRIP=strip
ac_cv_prog_cc_c89=
ac_cv_prog_cc_g=yes
ac_cv_prog_cxx_g=yes
ac_cv_prog_make_make_set=yes
ac_cv_sizeof_long=0
ac_cv_type__Bool=yes
ac_cv_type_pid_t=yes
ac_cv_type_signal=void
am_cv_CC_dependencies_compiler_type=gcc3
am_cv_CXX_dependencies_compiler_type=gcc3
lt_cv_deplibs_check_method=pass_all
lt_cv_file_magic_cmd='$MAGIC_CMD'
lt_cv_file_magic_test_file=
lt_cv_ld_reload_flag=-r
lt_cv_nm_interface='BSD nm'
lt_cv_objdir=.libs
lt_cv_path_LD=/usr/bin/ld
lt_cv_path_LDCXX='/usr/bin/ld -m elf_x86_64'
lt_cv_path_NM='/usr/bin/nm -B'
lt_cv_prog_compiler_c_o=yes
lt_cv_prog_compiler_c_o_CXX=yes
lt_cv_prog_compiler_pic_works=yes
lt_cv_prog_compiler_pic_works_CXX=yes
lt_cv_prog_compiler_rtti_exceptions=no
lt_cv_prog_compiler_static_works=no
lt_cv_prog_compiler_static_works_CXX=no
lt_cv_prog_gnu_ld=yes
lt_cv_prog_gnu_ldcxx=yes
lt_cv_sys_global_symbol_pipe='sed -n -e '\''s/^.*[	 ]\([ABCDGIRSTW][ABCDGIRSTW]*\)[	 ][	 ]*\([_A-Za-z][_A-Za-z0-9]*\)$/\1 \2 \2/p'\'''
lt_cv_sys_global_symbol_to_c_name_address='sed -n -e '\''s/^: \([^ ]*\) $/  {\"\1\", (void *) 0},/p'\'' -e '\''s/^[ABCDGIRSTW]* \([^ ]*\) \([^ ]*\)$/  {"\2", (void *) \&\2},/p'\'''
lt_cv_sys_global_symbol_to_c_name_address_lib_prefix='sed -n -e '\''s/^: \([^ ]*\) $/  {\"\1\", (void *) 0},/p'\'' -e '\''s/^[ABCDGIRSTW]* \([^ ]*\) \(lib[^ ]*\)$/  {"\2", (void *) \&\2},/p'\'' -e '\''s/^[ABCDGIRSTW]* \([^ ]*\) \([^ ]*\)$/  {"lib\2", (void *) \&\2},/p'\'''
lt_cv_sys_global_symbol_to_cdecl='sed -n -e '\''s/^T .* \(.*\)$/extern int \1();/p'\'' -e '\''s/^[ABCDGIRSTW]* .* \(.*\)$/extern char \1;/p'\'''
lt_cv_sys_max_cmd_len=1966080

## ----------------- ##
## Output variables. ##
## ----------------- ##

ACLOCAL='${SHELL} /fsapp/FMS/missing --run aclocal-1.11'
AMDEPBACKSLASH='\'
AMDEP_FALSE='#'
AMDEP_TRUE=''
AMTAR='${SHELL} /fsapp/FMS/missing --run tar'
AR='ar'
AUTOCONF='${SHELL} /fsapp/FMS/missing --run autoconf'
AUTOHEADER='${SHELL} /fsapp/FMS/missing --run autoheader'
AUTOMAKE='${SHELL} /fsapp/FMS/missing --run automake-1.11'
AWK='gawk'
CC='gcc'
CCDEPMODE='depmode=gcc3'
CFLAGS='-g -O2'
CPP='gcc -E'
CPPFLAGS=''
CXX='g++'
CXXCPP='g++ -E'
CXXDEPMODE='depmode=gcc3'
CXXFLAGS='-g -O2'
CYGPATH_W='echo'
DEFS='-DHAVE_CONFIG_H'
DEPDIR='.deps'
DSYMUTIL=''
DUMPBIN=''
ECHO_C=''
ECHO_N='-n'
ECHO_T=''
EGREP='/bin/grep -E'
EXEEXT=''
FGREP='/bin/grep -F'
GREP='/bin/grep'
INSTALL_DATA='${INSTALL} -m 644'
INSTALL_PROGRAM='${INSTALL}'
INSTALL_SCRIPT='${INSTALL}'
INSTALL_STRIP_PROGRAM='$(install_sh) -c -s'
LD='/usr/bin/ld -m elf_x86_64'
LDFLAGS=''
LIBOBJS=' ${LIBOBJDIR}malloc$U.o ${LIBOBJDIR}memcmp$U.o ${LIBOBJDIR}realloc$U.o ${LIBOBJDIR}lstat$U.o ${LIBOBJDIR}stat$U.o ${LIBOBJDIR}strtod$U.o'
LIBS='-ltcmalloc -lpthread -lSDL '
LIBTOOL='$(SHELL) $(top_builddir)/libtool'
LIPO=''
LN_S='ln -s'
LTLIBOBJS=' ${LIBOBJDIR}malloc$U.lo ${LIBOBJDIR}memcmp$U.lo ${LIBOBJDIR}realloc$U.lo ${LIBOBJDIR}lstat$U.lo ${LIBOBJDIR}stat$U.lo ${LIBOBJDIR}strtod$U.lo'
MAKEINFO='${SHELL} /fsapp/FMS/missing --run makeinfo'
MKDIR_P='/bin/mkdir -p'
NM='/usr/bin/nm -B'
NMEDIT=''
OBJDUMP='objdump'
OBJEXT='o'
OTOOL64=''
OTOOL=''
PACKAGE='hvaas'
PACKAGE_BUGREPORT='kde@gabia.com'
PACKAGE_NAME='HVaaS'
PACKAGE_STRING='HVaaS 1.0'
PACKAGE_TARNAME='hvaas'
PACKAGE_VERSION='1.0'
PATH_SEPARATOR=':'
POW_LIB=''
RANLIB='ranlib'
SDL_CFLAGS='-I/usr/include/SDL -D_GNU_SOURCE=1 -D_REENTRANT'
SDL_CONFIG='sdl-config'
SDL_LIBS='-lSDL -lpthread'
SED='/bin/sed'
SET_MAKE=''
SHELL='/bin/sh'
STRIP='strip'
VERSION='1.0'
ac_ct_CC='gcc'
ac_ct_CXX='g++'
ac_ct_DUMPBIN=''
am__EXEEXT_FALSE=''
am__EXEEXT_TRUE='#'
am__fastdepCC_FALSE='#'
am__fastdepCC_TRUE=''
am__fastdepCXX_FALSE='#'
am__fastdepCXX_TRUE=''
am__include='include'
am__isrc=''
am__leading_dot='.'
am__quote=''
am__tar='${AMTAR} chof - "$$tardir"'
am__untar='${AMTAR} xf -'
bindir='${exec_prefix}/bin'
build='x86_64-redhat-linux-gnu'
build_alias=''
build_cpu='x86_64'
build_os='linux-gnu'
build_vendor='redhat'
datadir='${datarootdir}'
datarootdir='${prefix}/share'
docdir='${datarootdir}/doc/${PACKAGE_TARNAME}'
dvidir='${docdir}'
exec_prefix='${prefix}'
host='x86_64-redhat-linux-gnu'
host_alias=''
host_cpu='x86_64'
host_os='linux-gnu'
host_vendor='redhat'
htmldir='${docdir}'
includedir='${prefix}/include'
infodir='${datarootdir}/info'
install_sh='${SHELL} /fsapp/FMS/install-sh'
libdir='${exec_prefix}/lib'
libexecdir='${exec_prefix}/libexec'
localedir='${datarootdir}/locale'
localstatedir='${prefix}/var'
lt_ECHO='echo'
mandir='${datarootdir}/man'
mkdir_p='/bin/mkdir -p'
oldincludedir='/usr/include'
pdfdir='${docdir}'
prefix='/fsapp/FMS'
program_transform_name='s,x,x,'
psdir='${docdir}'
sbindir='${exec_prefix}/sbin'
sharedstatedir='${prefix}/com'
sysconfdir='${prefix}/etc'
target_alias=''

## ----------- ##
## confdefs.h. ##
## ----------- ##

#define PACKAGE_NAME "HVaaS"
#define PACKAGE_TARNAME "hvaas"
#define PACKAGE_VERSION "1.0"
#define PACKAGE_STRING "HVaaS 1.0"
#define PACKAGE_BUGREPORT "kde@gabia.com"
#define PACKAGE "hvaas"
#define VERSION "1.0"
#define STDC_HEADERS 1
#define HAVE_SYS_TYPES_H 1
#define HAVE_SYS_STAT_H 1
#define HAVE_STDLIB_H 1
#define HAVE_STRING_H 1
#define HAVE_MEMORY_H 1
#define HAVE_STRINGS_H 1
#define HAVE_INTTYPES_H 1
#define HAVE_STDINT_H 1
#define HAVE_UNISTD_H 1
#define HAVE_DLFCN_H 1
#define LT_OBJDIR ".libs/"
#define HAVE_LIBSDL 1
#define HAVE_LIBPTHREAD 1
#define HAVE_LIBTCMALLOC 1
#define HAVE_STDINT_H 1
#define HAVE_STDLIB_H 1
#define HAVE_STRING_H 1
#define HAVE_SYS_TIME_H 1
#define HAVE_UNISTD_H 1
#define STDC_HEADERS 1
#define HAVE__BOOL 1
#define HAVE_STDBOOL_H 1
#define TIME_WITH_SYS_TIME 1
#define SIZEOF_LONG 0
#define HAVE_FORK 1
#define HAVE_VFORK 1
#define HAVE_WORKING_VFORK 1
#define HAVE_STDLIB_H 1
#define HAVE_MALLOC 0
#define malloc rpl_malloc
#define HAVE_STDLIB_H 1
#define HAVE_REALLOC 0
#define realloc rpl_realloc
#define HAVE_SYS_SELECT_H 1
#define HAVE_SYS_SOCKET_H 1
#define SELECT_TYPE_ARG1 int
#define SELECT_TYPE_ARG234 (fd_set *)
#define SELECT_TYPE_ARG5 (struct timeval *)
#define SETPGRP_VOID 1
#define RETSIGTYPE void
#define HAVE_STAT_EMPTY_STRING_BUG 1
#define HAVE_VPRINTF 1
#define HAVE_GETHOSTBYADDR 1
#define HAVE_GETHOSTBYNAME 1
#define HAVE_GETHOSTNAME 1
#define HAVE_GETTIMEOFDAY 1
#define HAVE_INET_NTOA 1
#define HAVE_MEMMOVE 1
#define HAVE_MEMSET 1
#define HAVE_MKDIR 1
#define HAVE_MODF 1
#define HAVE_POW 1
#define HAVE_SELECT 1
#define HAVE_SOCKET 1
#define HAVE_SQRT 1
#define HAVE_STRCASECMP 1
#define HAVE_STRCHR 1
#define HAVE_STRCSPN 1
#define HAVE_STRDUP 1
#define HAVE_STRRCHR 1
#define HAVE_STRSTR 1
#define HAVE_STRTOL 1
#define HAVE_UNAME 1

configure: exit 0

## ---------------------- ##
## Running config.status. ##
## ---------------------- ##

This file was extended by HVaaS config.status 1.0, which was
generated by GNU Autoconf 2.63.  Invocation command line was

  CONFIG_FILES    = 
  CONFIG_HEADERS  = 
  CONFIG_LINKS    = 
  CONFIG_COMMANDS = 
  $ ./config.status src/fmsd/Makefile depfiles

on terax-vm

config.status:1106: creating src/fmsd/Makefile
config.status:1380: executing depfiles commands
